<?xml version="1.0" encoding="UTF-8"?>
<!-- Generated by org.testng.reporters.JUnitReportReporter -->
<testsuite hostname="Macintosh.local" failures="1" tests="28" name="dllv.carina.carina.demo.APIUserTest" time="3.844" errors="0" timestamp="2025-12-09T15:43:23 GMT+07:00" skipped="0">
  <testcase classname="dllv.carina.carina.demo.APIUserTest" name="testGetListNoToken" time="0.028"/>
  <system-out/>
  <testcase classname="dllv.carina.carina.demo.APIUserTest" name="testUsernameTooLong" time="0.018"/>
  <system-out/>
  <testcase classname="dllv.carina.carina.demo.APIUserTest" name="testUsernameTooShort" time="0.012"/>
  <system-out/>
  <testcase classname="dllv.carina.carina.demo.APIUserTest" name="testAdminGetMyInfo" time="0.189"/>
  <system-out/>
  <testcase classname="dllv.carina.carina.demo.APIUserTest" name="testEmailEmpty" time="0.032"/>
  <system-out/>
  <testcase classname="dllv.carina.carina.demo.APIUserTest" name="testAdminGetListSuccess" time="1.419"/>
  <system-out/>
  <testcase classname="dllv.carina.carina.demo.APIUserTest" name="testInvalidEmailFormat" time="0.028"/>
  <system-out/>
  <testcase classname="dllv.carina.carina.demo.APIUserTest" name="testEmailNull" time="0.015">
    <failure message="code
Expected: 4005
     got: 1007
 ; message
Expected: Email must not be null!
     got: Email already exists!
" type="java.lang.AssertionError">
      <![CDATA[java.lang.AssertionError: code
Expected: 4005
     got: 1007
 ; message
Expected: Email must not be null!
     got: Email already exists!

at org.skyscreamer.jsonassert.JSONAssert.assertEquals(JSONAssert.java:482)
at org.skyscreamer.jsonassert.JSONAssert.assertEquals(JSONAssert.java:464)
at com.zebrunner.carina.api.AbstractApiMethodV2.validateResponse(AbstractApiMethodV2.java:339)
at com.zebrunner.carina.api.AbstractApiMethodV2.validateResponse(AbstractApiMethodV2.java:299)
at com.zebrunner.carina.api.AbstractApiMethodV2.validateResponse(AbstractApiMethodV2.java:363)
at dllv.carina.carina.demo.APIUserTest.validateError(APIUserTest.java:46)
at dllv.carina.carina.demo.APIUserTest.testEmailNull(APIUserTest.java:90)
at java.base/jdk.internal.reflect.DirectMethodHandleAccessor.invoke(DirectMethodHandleAccessor.java:104)
at java.base/java.lang.reflect.Method.invoke(Method.java:565)
at org.testng.internal.invokers.MethodInvocationHelper.invokeMethod(MethodInvocationHelper.java:139)
at org.testng.internal.invokers.TestInvoker.invokeMethod(TestInvoker.java:677)
at org.testng.internal.invokers.TestInvoker.invokeTestMethod(TestInvoker.java:221)
at org.testng.internal.invokers.MethodRunner.runInSequence(MethodRunner.java:50)
at org.testng.internal.invokers.TestInvoker$MethodInvocationAgent.invoke(TestInvoker.java:969)
at org.testng.internal.invokers.TestInvoker.invokeTestMethods(TestInvoker.java:194)
at org.testng.internal.invokers.TestMethodWorker.invokeTestMethods(TestMethodWorker.java:148)
at org.testng.internal.invokers.TestMethodWorker.run(TestMethodWorker.java:128)
at java.base/java.util.concurrent.ThreadPoolExecutor.runWorker(ThreadPoolExecutor.java:1090)
at java.base/java.util.concurrent.ThreadPoolExecutor$Worker.run(ThreadPoolExecutor.java:614)
at java.base/java.lang.Thread.run(Thread.java:1474)
]]>
    </failure>
  </testcase> <!-- testEmailNull -->
  <system-out>
    <![CDATA[TEST [User API Tests - testEmailNull] FAILED at [15:43:21 2025-12-09] - code
Expected: 4005
     got: 1007
 ; message
Expected: Email must not be null!
     got: Email already exists!


org.skyscreamer.jsonassert.JSONAssert.assertEquals(JSONAssert.java:482)
org.skyscreamer.jsonassert.JSONAssert.assertEquals(JSONAssert.java:464)
com.zebrunner.carina.api.AbstractApiMethodV2.validateResponse(AbstractApiMethodV2.java:339)
com.zebrunner.carina.api.AbstractApiMethodV2.validateResponse(AbstractApiMethodV2.java:299)
com.zebrunner.carina.api.AbstractApiMethodV2.validateResponse(AbstractApiMethodV2.java:363)
dllv.carina.carina.demo.APIUserTest.validateError(APIUserTest.java:46)
dllv.carina.carina.demo.APIUserTest.testEmailNull(APIUserTest.java:90)
java.base/jdk.internal.reflect.DirectMethodHandleAccessor.invoke(DirectMethodHandleAccessor.java:104)
java.base/java.lang.reflect.Method.invoke(Method.java:565)
org.testng.internal.invokers.MethodInvocationHelper.invokeMethod(MethodInvocationHelper.java:139)
org.testng.internal.invokers.TestInvoker.invokeMethod(TestInvoker.java:677)
org.testng.internal.invokers.TestInvoker.invokeTestMethod(TestInvoker.java:221)
org.testng.internal.invokers.MethodRunner.runInSequence(MethodRunner.java:50)
org.testng.internal.invokers.TestInvoker$MethodInvocationAgent.invoke(TestInvoker.java:969)
org.testng.internal.invokers.TestInvoker.invokeTestMethods(TestInvoker.java:194)
org.testng.internal.invokers.TestMethodWorker.invokeTestMethods(TestMethodWorker.java:148)
org.testng.internal.invokers.TestMethodWorker.run(TestMethodWorker.java:128)
java.base/java.util.concurrent.ThreadPoolExecutor.runWorker(ThreadPoolExecutor.java:1090)
java.base/java.util.concurrent.ThreadPoolExecutor$Worker.run(ThreadPoolExecutor.java:614)
java.base/java.lang.Thread.run(Thread.java:1474)]]>
  </system-out>
  <testcase classname="dllv.carina.carina.demo.APIUserTest" name="testPasswordTooShort" time="0.017"/>
  <system-out/>
  <testcase classname="dllv.carina.carina.demo.APIUserTest" name="testDuplicateUsername" time="0.194"/>
  <system-out/>
  <testcase classname="dllv.carina.carina.demo.APIUserTest" name="testMissingDOB" time="0.023"/>
  <system-out/>
  <testcase classname="dllv.carina.carina.demo.APIUserTest" name="testUserNotFound" time="0.184"/>
  <system-out/>
  <testcase classname="dllv.carina.carina.demo.APIUserTest" name="testMissingPhone" time="0.021"/>
  <system-out/>
  <testcase classname="dllv.carina.carina.demo.APIUserTest" name="testMissingUsername" time="0.014"/>
  <system-out/>
  <testcase classname="dllv.carina.carina.demo.APIUserTest" name="testAdminGetUserDetail" time="0.187"/>
  <system-out/>
  <testcase classname="dllv.carina.carina.demo.APIUserTest" name="testMissingPassword" time="0.017"/>
  <system-out/>
  <testcase classname="dllv.carina.carina.demo.APIUserTest" name="testGetDetailNoToken" time="0.022"/>
  <system-out/>
  <testcase classname="dllv.carina.carina.demo.APIUserTest" name="testUserGetListForbidden" time="0.195"/>
  <system-out/>
  <testcase classname="dllv.carina.carina.demo.APIUserTest" name="testMissingFullName" time="0.031"/>
  <system-out/>
  <testcase classname="dllv.carina.carina.demo.APIUserTest" name="testUserGetMyInfo" time="0.157"/>
  <system-out/>
  <testcase classname="dllv.carina.carina.demo.APIUserTest" name="testGetDetailInvalidToken" time="0.041"/>
  <system-out/>
  <testcase classname="dllv.carina.carina.demo.APIUserTest" name="testDuplicateEmail" time="0.261"/>
  <system-out/>
  <testcase classname="dllv.carina.carina.demo.APIUserTest" name="testWrongHttpMethod" time="0.170"/>
  <system-out/>
  <testcase classname="dllv.carina.carina.demo.APIUserTest" name="testDuplicatePhone" time="0.195"/>
  <system-out/>
  <testcase classname="dllv.carina.carina.demo.APIUserTest" name="testUserViewOtherProfileForbidden" time="0.158"/>
  <system-out/>
  <testcase classname="dllv.carina.carina.demo.APIUserTest" name="testGetListInvalidToken" time="0.041"/>
  <system-out/>
  <testcase classname="dllv.carina.carina.demo.APIUserTest" name="testSignUpSuccess" time="0.152"/>
  <system-out/>
  <testcase classname="dllv.carina.carina.demo.APIUserTest" name="testMissingGender" time="0.023"/>
  <system-out/>
</testsuite> <!-- dllv.carina.carina.demo.APIUserTest -->
