<?xml version="1.0" encoding="UTF-8"?>
<!-- Generated by org.testng.reporters.JUnitXMLReporter -->
<testsuite ignored="0" hostname="Macintosh.local" failures="1" tests="28" name="User API Tests" time="3.936" errors="0" timestamp="2025-12-09T15:43:23 GMT+07:00">
  <testcase classname="dllv.carina.carina.demo.APIUserTest" name="testAdminGetListSuccess" time="1.419"/>
  <testcase classname="dllv.carina.carina.demo.APIUserTest" name="testAdminGetMyInfo" time="0.189"/>
  <testcase classname="dllv.carina.carina.demo.APIUserTest" name="testAdminGetUserDetail" time="0.187"/>
  <testcase classname="dllv.carina.carina.demo.APIUserTest" name="testDuplicateEmail" time="0.26"/>
  <testcase classname="dllv.carina.carina.demo.APIUserTest" name="testDuplicatePhone" time="0.195"/>
  <testcase classname="dllv.carina.carina.demo.APIUserTest" name="testDuplicateUsername" time="0.194"/>
  <testcase classname="dllv.carina.carina.demo.APIUserTest" name="testEmailEmpty" time="0.032"/>
  <testcase classname="dllv.carina.carina.demo.APIUserTest" name="testEmailNull" time="0.014">
    <failure type="java.lang.AssertionError" message="code
Expected: 4005
     got: 1007
 ; message
Expected: Email must not be null!
     got: Email already exists!
">
      <![CDATA[java.lang.AssertionError: code
Expected: 4005
     got: 1007
 ; message
Expected: Email must not be null!
     got: Email already exists!

at org.skyscreamer.jsonassert.JSONAssert.assertEquals(JSONAssert.java:482)
at org.skyscreamer.jsonassert.JSONAssert.assertEquals(JSONAssert.java:464)
at com.zebrunner.carina.api.AbstractApiMethodV2.validateResponse(AbstractApiMethodV2.java:339)
at com.zebrunner.carina.api.AbstractApiMethodV2.validateResponse(AbstractApiMethodV2.java:299)
at com.zebrunner.carina.api.AbstractApiMethodV2.validateResponse(AbstractApiMethodV2.java:363)
at dllv.carina.carina.demo.APIUserTest.validateError(APIUserTest.java:46)
at dllv.carina.carina.demo.APIUserTest.testEmailNull(APIUserTest.java:90)
at java.base/java.util.concurrent.ThreadPoolExecutor.runWorker(ThreadPoolExecutor.java:1090)
at java.base/java.util.concurrent.ThreadPoolExecutor$Worker.run(ThreadPoolExecutor.java:614)
at java.base/java.lang.Thread.run(Thread.java:1474)
... Removed 10 stack frames]]>
    </failure>
  </testcase> <!-- testEmailNull -->
  <testcase classname="dllv.carina.carina.demo.APIUserTest" name="testGetDetailInvalidToken" time="0.041"/>
  <testcase classname="dllv.carina.carina.demo.APIUserTest" name="testGetDetailNoToken" time="0.022"/>
  <testcase classname="dllv.carina.carina.demo.APIUserTest" name="testGetListInvalidToken" time="0.041"/>
  <testcase classname="dllv.carina.carina.demo.APIUserTest" name="testGetListNoToken" time="0.028"/>
  <testcase classname="dllv.carina.carina.demo.APIUserTest" name="testInvalidEmailFormat" time="0.028"/>
  <testcase classname="dllv.carina.carina.demo.APIUserTest" name="testMissingDOB" time="0.023"/>
  <testcase classname="dllv.carina.carina.demo.APIUserTest" name="testMissingFullName" time="0.031"/>
  <testcase classname="dllv.carina.carina.demo.APIUserTest" name="testMissingGender" time="0.023"/>
  <testcase classname="dllv.carina.carina.demo.APIUserTest" name="testMissingPassword" time="0.017"/>
  <testcase classname="dllv.carina.carina.demo.APIUserTest" name="testMissingPhone" time="0.02"/>
  <testcase classname="dllv.carina.carina.demo.APIUserTest" name="testMissingUsername" time="0.014"/>
  <testcase classname="dllv.carina.carina.demo.APIUserTest" name="testPasswordTooShort" time="0.017"/>
  <testcase classname="dllv.carina.carina.demo.APIUserTest" name="testSignUpSuccess" time="0.152"/>
  <testcase classname="dllv.carina.carina.demo.APIUserTest" name="testUserGetListForbidden" time="0.194"/>
  <testcase classname="dllv.carina.carina.demo.APIUserTest" name="testUserGetMyInfo" time="0.156"/>
  <testcase classname="dllv.carina.carina.demo.APIUserTest" name="testUserNotFound" time="0.184"/>
  <testcase classname="dllv.carina.carina.demo.APIUserTest" name="testUserViewOtherProfileForbidden" time="0.158"/>
  <testcase classname="dllv.carina.carina.demo.APIUserTest" name="testUsernameTooLong" time="0.017"/>
  <testcase classname="dllv.carina.carina.demo.APIUserTest" name="testUsernameTooShort" time="0.012"/>
  <testcase classname="dllv.carina.carina.demo.APIUserTest" name="testWrongHttpMethod" time="0.17"/>
</testsuite> <!-- User API Tests -->
