<?xml version="1.0" encoding="UTF-8"?>
<testsuite xmlns:xsi="http://www.w3.org/2001/XMLSchema-instance" xsi:noNamespaceSchemaLocation="https://maven.apache.org/surefire/maven-surefire-plugin/xsd/surefire-test-report-3.0.xsd" version="3.0" name="TestSuite" time="6.064" tests="28" errors="0" skipped="0" failures="1">
  <properties>
[...]
</properties>
  <testcase name="testAdminGetListSuccess" classname="dllv.carina.carina.demo.APIUserTest" time="1.44">
    <system-out><![CDATA[2025-12-09 15:43:17 CarinaListener [main] [INFO] 
============= Basic configuration =============
env=DEMO
=========== Encryptor configuration ===========
crypto_key_value=*****
=========== WebDriver configuration ===========
url=https://www.gsmarena.com
auto_screenshot=true
localization_encoding=UTF-8
language=en_US
-------------- Driver capabilities ------------
===============================================

2025-12-09 15:43:17 TestRunRegistrar [main-3] [WARN] Reporting disabled: using no op test run registrar
2025-12-09 15:43:19 CarinaListener [main-3] [INFO] Set thread-count=1
2025-12-09 15:43:19 CarinaListener [main-3] [INFO] Set data-provider-thread-count=1
2025-12-09 15:43:19 CarinaListener [main-3] [INFO] CARINA_CORE_VERSION: 1.1.3
2025-12-09 15:43:19 TestRunRegistrar [TestNG-test=User API Tests-1] [WARN] Reporting disabled: using no op test run registrar
2025-12-09 15:43:19 Messager [TestNG-test=User API Tests-1-47] [INFO] TEST [User API Tests - testAdminGetListSuccess] STARTED at [15:43:19 2025-12-09]
2025-12-09 15:43:20 AbstractApiMethod [TestNG-test=User API Tests-1-47] [INFO] Request method:	POST
Request URI:	http://localhost:9090/arigatouAirlines/auth/login
Request params:	<none>
Query params:	<none>
Form params:	<none>
Path params:	<none>
Multiparts:		<none>
Cookies:		<none>
Headers:		Accept=*/*
				Content-Type=application/json; charset=UTF-8
Body:
{
    "username": "admin",
    "password": "admin"
}
HTTP/1.1 200 
Vary: Origin
Vary: Access-Control-Request-Method
Vary: Access-Control-Request-Headers
X-Content-Type-Options: nosniff
X-XSS-Protection: 0
Cache-Control: no-cache, no-store, max-age=0, must-revalidate
Pragma: no-cache
Expires: 0
X-Frame-Options: DENY
Content-Type: application/json
Transfer-Encoding: chunked
Date: Tue, 09 Dec 2025 08:43:20 GMT
Keep-Alive: timeout=60
Connection: keep-alive

{
    "code": 0,
    "body": {
        "token": "eyJhbGciOiJIUzUxMiJ9.eyJpc3MiOiJBUEktQXJpZ2F0b3UtQWlybGluZXMiLCJzdWIiOiJhZG1pbiIsImV4cCI6MTc2NTI3MzQwMCwiaWF0IjoxNzY1MjY5ODAwLCJqdGkiOiI5OWJhMGFkOS0xNzA3LTRmYTQtYTFiZS1hMmUyMDdhOTQzM2IiLCJzY29wZSI6IlJPTEVfQURNSU4ifQ.-MO8L7-JDcxHFgEa3pnbRlBKBu1MIVQZaIMfXZPNhZB4gA6CjDWoNM2osAMh1LWImCgMCOjatgPE1s-dTNrRVA",
        "authenticated": true
    }
}

2025-12-09 15:43:20 AbstractApiMethod [TestNG-test=User API Tests-1-47] [INFO] Request method:	GET
Request URI:	http://localhost:9090/arigatouAirlines/users
Request params:	<none>
Query params:	<none>
Form params:	<none>
Path params:	<none>
Multiparts:		<none>
Cookies:		<none>
Headers:		Accept=*/*
				Authorization=Bearer eyJhbGciOiJIUzUxMiJ9.eyJpc3MiOiJBUEktQXJpZ2F0b3UtQWlybGluZXMiLCJzdWIiOiJhZG1pbiIsImV4cCI6MTc2NTI3MzQwMCwiaWF0IjoxNzY1MjY5ODAwLCJqdGkiOiI5OWJhMGFkOS0xNzA3LTRmYTQtYTFiZS1hMmUyMDdhOTQzM2IiLCJzY29wZSI6IlJPTEVfQURNSU4ifQ.-MO8L7-JDcxHFgEa3pnbRlBKBu1MIVQZaIMfXZPNhZB4gA6CjDWoNM2osAMh1LWImCgMCOjatgPE1s-dTNrRVA
				Content-Type=application/json; charset=UTF-8
Body:			<none>
HTTP/1.1 200 
Vary: Origin
Vary: Access-Control-Request-Method
Vary: Access-Control-Request-Headers
X-Content-Type-Options: nosniff
X-XSS-Protection: 0
Cache-Control: no-cache, no-store, max-age=0, must-revalidate
Pragma: no-cache
Expires: 0
X-Frame-Options: DENY
Content-Type: application/json
Transfer-Encoding: chunked
Date: Tue, 09 Dec 2025 08:43:20 GMT
Keep-Alive: timeout=60
Connection: keep-alive

{
    "code": 0,
    "body": [
        {
            "userId": 1,
            "email": "dllv@gmail.com",
            "username": "admin",
            "fullName": "Dao Le Long Vu",
            "phone": "000000000",
            "dateOfBirth": "2005-09-06",
            "gender": "Male",
            "avatar": null,
            "roles": [
                {
                    "roleName": "ADMIN",
                    "description": "Admin role",
                    "permissions": [
                        
                    ]
                }
            ]
        },
        {
            "userId": 2,
            "email": "Daolelongvu1000@gmail.com",
            "username": "daolelongvu",
            "fullName": "Dao Le Long Vu",
            "phone": "0366873718",
            "dateOfBirth": "2005-06-05",
            "gender": "Male",
            "avatar": "default avatar",
            "roles": [
                {
                    "roleName": "USER",
                    "description": "User role",
                    "permissions": [
                        
                    ]
                }
            ]
        },
        {
            "userId": 3,
            "email": "unique@test.com",
            "username": "validUser",
            "fullName": "Nguyen Van A",
            "phone": "0987654321",
            "dateOfBirth": "2000-01-01",
            "gender": "Male",
            "avatar": "default avatar",
            "roles": [
                {
                    "roleName": "USER",
                    "description": "User role",
                    "permissions": [
                        
                    ]
                }
            ]
        }
    ]
}

2025-12-09 15:43:20 Messager [TestNG-test=User API Tests-1-47] [INFO] TEST [User API Tests - testAdminGetListSuccess] PASSED at [15:43:20 2025-12-09]
]]></system-out>
  </testcase>
  <testcase name="testAdminGetMyInfo" classname="dllv.carina.carina.demo.APIUserTest" time="0.19">
    <system-out><![CDATA[2025-12-09 15:43:20 TestRunRegistrar [TestNG-test=User API Tests-1-47] [WARN] Reporting disabled: using no op test run registrar
2025-12-09 15:43:20 Messager [TestNG-test=User API Tests-1-47] [INFO] TEST [User API Tests - testAdminGetMyInfo] STARTED at [15:43:20 2025-12-09]
2025-12-09 15:43:20 AbstractApiMethod [TestNG-test=User API Tests-1-47] [INFO] Request method:	POST
Request URI:	http://localhost:9090/arigatouAirlines/auth/login
Request params:	<none>
Query params:	<none>
Form params:	<none>
Path params:	<none>
Multiparts:		<none>
Cookies:		<none>
Headers:		Accept=*/*
				Content-Type=application/json; charset=UTF-8
Body:
{
    "username": "admin",
    "password": "admin"
}
HTTP/1.1 200 
Vary: Origin
Vary: Access-Control-Request-Method
Vary: Access-Control-Request-Headers
X-Content-Type-Options: nosniff
X-XSS-Protection: 0
Cache-Control: no-cache, no-store, max-age=0, must-revalidate
Pragma: no-cache
Expires: 0
X-Frame-Options: DENY
Content-Type: application/json
Transfer-Encoding: chunked
Date: Tue, 09 Dec 2025 08:43:20 GMT
Keep-Alive: timeout=60
Connection: keep-alive

{
    "code": 0,
    "body": {
        "token": "eyJhbGciOiJIUzUxMiJ9.eyJpc3MiOiJBUEktQXJpZ2F0b3UtQWlybGluZXMiLCJzdWIiOiJhZG1pbiIsImV4cCI6MTc2NTI3MzQwMCwiaWF0IjoxNzY1MjY5ODAwLCJqdGkiOiI5NWQ4MGUwYy1lNzczLTRmNzAtYjk1Zi1mYTZkZmI2YzFlMDEiLCJzY29wZSI6IlJPTEVfQURNSU4ifQ.JYXZ9ziHHPH73v1MCL96Rqqf_nronPVrZzTA2LmA42uTbwaX9-DKtt7zsUiYXbI9uL-cjQAvN7FdhHjQg4izCw",
        "authenticated": true
    }
}

2025-12-09 15:43:20 AbstractApiMethod [TestNG-test=User API Tests-1-47] [INFO] Request method:	GET
Request URI:	http://localhost:9090/arigatouAirlines/users/myInfo
Request params:	<none>
Query params:	<none>
Form params:	<none>
Path params:	<none>
Multiparts:		<none>
Cookies:		<none>
Headers:		Accept=*/*
				Authorization=Bearer eyJhbGciOiJIUzUxMiJ9.eyJpc3MiOiJBUEktQXJpZ2F0b3UtQWlybGluZXMiLCJzdWIiOiJhZG1pbiIsImV4cCI6MTc2NTI3MzQwMCwiaWF0IjoxNzY1MjY5ODAwLCJqdGkiOiI5NWQ4MGUwYy1lNzczLTRmNzAtYjk1Zi1mYTZkZmI2YzFlMDEiLCJzY29wZSI6IlJPTEVfQURNSU4ifQ.JYXZ9ziHHPH73v1MCL96Rqqf_nronPVrZzTA2LmA42uTbwaX9-DKtt7zsUiYXbI9uL-cjQAvN7FdhHjQg4izCw
				Content-Type=application/json; charset=UTF-8
Body:			<none>
HTTP/1.1 200 
Vary: Origin
Vary: Access-Control-Request-Method
Vary: Access-Control-Request-Headers
X-Content-Type-Options: nosniff
X-XSS-Protection: 0
Cache-Control: no-cache, no-store, max-age=0, must-revalidate
Pragma: no-cache
Expires: 0
X-Frame-Options: DENY
Content-Type: application/json
Transfer-Encoding: chunked
Date: Tue, 09 Dec 2025 08:43:20 GMT
Keep-Alive: timeout=60
Connection: keep-alive

{
    "code": 0,
    "body": {
        "userId": 1,
        "email": "dllv@gmail.com",
        "username": "admin",
        "fullName": "Dao Le Long Vu",
        "phone": "000000000",
        "dateOfBirth": "2005-09-06",
        "gender": "Male",
        "avatar": null,
        "roles": [
            {
                "roleName": "ADMIN",
                "description": "Admin role",
                "permissions": [
                    
                ]
            }
        ]
    }
}

2025-12-09 15:43:20 Messager [TestNG-test=User API Tests-1-47] [INFO] TEST [User API Tests - testAdminGetMyInfo] PASSED at [15:43:20 2025-12-09]
]]></system-out>
  </testcase>
  <testcase name="testAdminGetUserDetail" classname="dllv.carina.carina.demo.APIUserTest" time="0.188">
    <system-out><![CDATA[2025-12-09 15:43:20 TestRunRegistrar [TestNG-test=User API Tests-1-47] [WARN] Reporting disabled: using no op test run registrar
2025-12-09 15:43:20 Messager [TestNG-test=User API Tests-1-47] [INFO] TEST [User API Tests - testAdminGetUserDetail] STARTED at [15:43:20 2025-12-09]
2025-12-09 15:43:21 AbstractApiMethod [TestNG-test=User API Tests-1-47] [INFO] Request method:	POST
Request URI:	http://localhost:9090/arigatouAirlines/auth/login
Request params:	<none>
Query params:	<none>
Form params:	<none>
Path params:	<none>
Multiparts:		<none>
Cookies:		<none>
Headers:		Accept=*/*
				Content-Type=application/json; charset=UTF-8
Body:
{
    "username": "admin",
    "password": "admin"
}
HTTP/1.1 200 
Vary: Origin
Vary: Access-Control-Request-Method
Vary: Access-Control-Request-Headers
X-Content-Type-Options: nosniff
X-XSS-Protection: 0
Cache-Control: no-cache, no-store, max-age=0, must-revalidate
Pragma: no-cache
Expires: 0
X-Frame-Options: DENY
Content-Type: application/json
Transfer-Encoding: chunked
Date: Tue, 09 Dec 2025 08:43:20 GMT
Keep-Alive: timeout=60
Connection: keep-alive

{
    "code": 0,
    "body": {
        "token": "eyJhbGciOiJIUzUxMiJ9.eyJpc3MiOiJBUEktQXJpZ2F0b3UtQWlybGluZXMiLCJzdWIiOiJhZG1pbiIsImV4cCI6MTc2NTI3MzQwMCwiaWF0IjoxNzY1MjY5ODAwLCJqdGkiOiJjNTZkYzU4OC1jZWZjLTQwYWEtOTBiNC02MTU4MjlhY2EzY2MiLCJzY29wZSI6IlJPTEVfQURNSU4ifQ.omDdahmgVfK3UanKcfQlJfJWJHVbAtuFzuY74CyX7lsTtuYmYO6cV_h4dq3Ng7YFofQDK9HOCO5BGtPjksAATQ",
        "authenticated": true
    }
}

2025-12-09 15:43:21 AbstractApiMethod [TestNG-test=User API Tests-1-47] [INFO] Request method:	GET
Request URI:	http://localhost:9090/arigatouAirlines/users/2
Request params:	<none>
Query params:	<none>
Form params:	<none>
Path params:	<none>
Multiparts:		<none>
Cookies:		<none>
Headers:		Accept=*/*
				Authorization=Bearer eyJhbGciOiJIUzUxMiJ9.eyJpc3MiOiJBUEktQXJpZ2F0b3UtQWlybGluZXMiLCJzdWIiOiJhZG1pbiIsImV4cCI6MTc2NTI3MzQwMCwiaWF0IjoxNzY1MjY5ODAwLCJqdGkiOiJjNTZkYzU4OC1jZWZjLTQwYWEtOTBiNC02MTU4MjlhY2EzY2MiLCJzY29wZSI6IlJPTEVfQURNSU4ifQ.omDdahmgVfK3UanKcfQlJfJWJHVbAtuFzuY74CyX7lsTtuYmYO6cV_h4dq3Ng7YFofQDK9HOCO5BGtPjksAATQ
				Content-Type=application/json; charset=UTF-8
Body:			<none>
HTTP/1.1 200 
Vary: Origin
Vary: Access-Control-Request-Method
Vary: Access-Control-Request-Headers
X-Content-Type-Options: nosniff
X-XSS-Protection: 0
Cache-Control: no-cache, no-store, max-age=0, must-revalidate
Pragma: no-cache
Expires: 0
X-Frame-Options: DENY
Content-Type: application/json
Transfer-Encoding: chunked
Date: Tue, 09 Dec 2025 08:43:21 GMT
Keep-Alive: timeout=60
Connection: keep-alive

{
    "code": 0,
    "body": {
        "userId": 2,
        "email": "Daolelongvu1000@gmail.com",
        "username": "daolelongvu",
        "fullName": "Dao Le Long Vu",
        "phone": "0366873718",
        "dateOfBirth": "2005-06-05",
        "gender": "Male",
        "avatar": "default avatar",
        "roles": [
            {
                "roleName": "USER",
                "description": "User role",
                "permissions": [
                    
                ]
            }
        ]
    }
}

2025-12-09 15:43:21 Messager [TestNG-test=User API Tests-1-47] [INFO] TEST [User API Tests - testAdminGetUserDetail] PASSED at [15:43:21 2025-12-09]
]]></system-out>
  </testcase>
  <testcase name="testDuplicateEmail" classname="dllv.carina.carina.demo.APIUserTest" time="0.264">
    <system-out><![CDATA[2025-12-09 15:43:21 TestRunRegistrar [TestNG-test=User API Tests-1-47] [WARN] Reporting disabled: using no op test run registrar
2025-12-09 15:43:21 Messager [TestNG-test=User API Tests-1-47] [INFO] TEST [User API Tests - testDuplicateEmail] STARTED at [15:43:21 2025-12-09]
2025-12-09 15:43:21 AbstractApiMethod [TestNG-test=User API Tests-1-47] [INFO] Request method:	POST
Request URI:	http://localhost:9090/arigatouAirlines/users/sign-up
Request params:	<none>
Query params:	<none>
Form params:	<none>
Path params:	<none>
Multiparts:		<none>
Cookies:		<none>
Headers:		Accept=*/*
				Content-Type=application/json; charset=UTF-8
Body:
{
    "email": "exist_1765269801063@test.com",
    "username": "user1765269801063",
    "password": "password123",
    "fullName": "Nguyen Van A",
    "phone": "0992440094",
    "dateOfBirth": "2000-01-01",
    "gender": "Male"
}
HTTP/1.1 200 
Vary: Origin
Vary: Access-Control-Request-Method
Vary: Access-Control-Request-Headers
X-Content-Type-Options: nosniff
X-XSS-Protection: 0
Cache-Control: no-cache, no-store, max-age=0, must-revalidate
Pragma: no-cache
Expires: 0
X-Frame-Options: DENY
Content-Type: application/json
Transfer-Encoding: chunked
Date: Tue, 09 Dec 2025 08:43:21 GMT
Keep-Alive: timeout=60
Connection: keep-alive

{
    "code": 0,
    "body": {
        "userId": 87,
        "email": "exist_1765269801063@test.com",
        "username": "user1765269801063",
        "fullName": "Nguyen Van A",
        "phone": "0992440094",
        "dateOfBirth": "2000-01-01",
        "gender": "Male",
        "avatar": "default avatar",
        "roles": [
            {
                "roleName": "USER",
                "description": "User role",
                "permissions": [
                    
                ]
            }
        ]
    }
}

2025-12-09 15:43:21 AbstractApiMethod [TestNG-test=User API Tests-1-47] [INFO] Request method:	POST
Request URI:	http://localhost:9090/arigatouAirlines/users/sign-up
Request params:	<none>
Query params:	<none>
Form params:	<none>
Path params:	<none>
Multiparts:		<none>
Cookies:		<none>
Headers:		Accept=*/*
				Content-Type=application/json; charset=UTF-8
Body:
{
    "email": "exist_1765269801063@test.com",
    "username": "user1765269801290",
    "password": "password123",
    "fullName": "Nguyen Van A",
    "phone": "0968508759",
    "dateOfBirth": "2000-01-01",
    "gender": "Male"
}
HTTP/1.1 400 
Vary: Origin
Vary: Access-Control-Request-Method
Vary: Access-Control-Request-Headers
X-Content-Type-Options: nosniff
X-XSS-Protection: 0
Cache-Control: no-cache, no-store, max-age=0, must-revalidate
Pragma: no-cache
Expires: 0
X-Frame-Options: DENY
Content-Type: application/json
Transfer-Encoding: chunked
Date: Tue, 09 Dec 2025 08:43:21 GMT
Connection: close

{
    "code": 1007,
    "message": "Email already exists!"
}

2025-12-09 15:43:21 Messager [TestNG-test=User API Tests-1-47] [INFO] TEST [User API Tests - testDuplicateEmail] PASSED at [15:43:21 2025-12-09]
]]></system-out>
  </testcase>
  <testcase name="testDuplicatePhone" classname="dllv.carina.carina.demo.APIUserTest" time="0.196">
    <system-out><![CDATA[2025-12-09 15:43:21 TestRunRegistrar [TestNG-test=User API Tests-1-47] [WARN] Reporting disabled: using no op test run registrar
2025-12-09 15:43:21 Messager [TestNG-test=User API Tests-1-47] [INFO] TEST [User API Tests - testDuplicatePhone] STARTED at [15:43:21 2025-12-09]
2025-12-09 15:43:21 AbstractApiMethod [TestNG-test=User API Tests-1-47] [INFO] Request method:	POST
Request URI:	http://localhost:9090/arigatouAirlines/users/sign-up
Request params:	<none>
Query params:	<none>
Form params:	<none>
Path params:	<none>
Multiparts:		<none>
Cookies:		<none>
Headers:		Accept=*/*
				Content-Type=application/json; charset=UTF-8
Body:
{
    "email": "auto1765269801327@test.com",
    "username": "user1765269801327",
    "password": "password123",
    "fullName": "Nguyen Van A",
    "phone": "0943744785",
    "dateOfBirth": "2000-01-01",
    "gender": "Male"
}
HTTP/1.1 200 
Vary: Origin
Vary: Access-Control-Request-Method
Vary: Access-Control-Request-Headers
X-Content-Type-Options: nosniff
X-XSS-Protection: 0
Cache-Control: no-cache, no-store, max-age=0, must-revalidate
Pragma: no-cache
Expires: 0
X-Frame-Options: DENY
Content-Type: application/json
Transfer-Encoding: chunked
Date: Tue, 09 Dec 2025 08:43:21 GMT
Keep-Alive: timeout=60
Connection: keep-alive

{
    "code": 0,
    "body": {
        "userId": 88,
        "email": "auto1765269801327@test.com",
        "username": "user1765269801327",
        "fullName": "Nguyen Van A",
        "phone": "0943744785",
        "dateOfBirth": "2000-01-01",
        "gender": "Male",
        "avatar": "default avatar",
        "roles": [
            {
                "roleName": "USER",
                "description": "User role",
                "permissions": [
                    
                ]
            }
        ]
    }
}

2025-12-09 15:43:21 AbstractApiMethod [TestNG-test=User API Tests-1-47] [INFO] Request method:	POST
Request URI:	http://localhost:9090/arigatouAirlines/users/sign-up
Request params:	<none>
Query params:	<none>
Form params:	<none>
Path params:	<none>
Multiparts:		<none>
Cookies:		<none>
Headers:		Accept=*/*
				Content-Type=application/json; charset=UTF-8
Body:
{
    "email": "auto1765269801495@test.com",
    "username": "user1765269801495",
    "password": "password123",
    "fullName": "Nguyen Van A",
    "phone": "0943744785",
    "dateOfBirth": "2000-01-01",
    "gender": "Male"
}
HTTP/1.1 400 
Vary: Origin
Vary: Access-Control-Request-Method
Vary: Access-Control-Request-Headers
X-Content-Type-Options: nosniff
X-XSS-Protection: 0
Cache-Control: no-cache, no-store, max-age=0, must-revalidate
Pragma: no-cache
Expires: 0
X-Frame-Options: DENY
Content-Type: application/json
Transfer-Encoding: chunked
Date: Tue, 09 Dec 2025 08:43:21 GMT
Connection: close

{
    "code": 1009,
    "message": "Phone already exists"
}

2025-12-09 15:43:21 Messager [TestNG-test=User API Tests-1-47] [INFO] TEST [User API Tests - testDuplicatePhone] PASSED at [15:43:21 2025-12-09]
]]></system-out>
  </testcase>
  <testcase name="testDuplicateUsername" classname="dllv.carina.carina.demo.APIUserTest" time="0.196">
    <system-out><![CDATA[2025-12-09 15:43:21 TestRunRegistrar [TestNG-test=User API Tests-1-47] [WARN] Reporting disabled: using no op test run registrar
2025-12-09 15:43:21 Messager [TestNG-test=User API Tests-1-47] [INFO] TEST [User API Tests - testDuplicateUsername] STARTED at [15:43:21 2025-12-09]
2025-12-09 15:43:21 AbstractApiMethod [TestNG-test=User API Tests-1-47] [INFO] Request method:	POST
Request URI:	http://localhost:9090/arigatouAirlines/users/sign-up
Request params:	<none>
Query params:	<none>
Form params:	<none>
Path params:	<none>
Multiparts:		<none>
Cookies:		<none>
Headers:		Accept=*/*
				Content-Type=application/json; charset=UTF-8
Body:
{
    "email": "auto1765269801522@test.com",
    "username": "uniqueUser9758",
    "password": "password123",
    "fullName": "Nguyen Van A",
    "phone": "0970520592",
    "dateOfBirth": "2000-01-01",
    "gender": "Male"
}
HTTP/1.1 200 
Vary: Origin
Vary: Access-Control-Request-Method
Vary: Access-Control-Request-Headers
X-Content-Type-Options: nosniff
X-XSS-Protection: 0
Cache-Control: no-cache, no-store, max-age=0, must-revalidate
Pragma: no-cache
Expires: 0
X-Frame-Options: DENY
Content-Type: application/json
Transfer-Encoding: chunked
Date: Tue, 09 Dec 2025 08:43:21 GMT
Keep-Alive: timeout=60
Connection: keep-alive

{
    "code": 0,
    "body": {
        "userId": 89,
        "email": "auto1765269801522@test.com",
        "username": "uniqueUser9758",
        "fullName": "Nguyen Van A",
        "phone": "0970520592",
        "dateOfBirth": "2000-01-01",
        "gender": "Male",
        "avatar": "default avatar",
        "roles": [
            {
                "roleName": "USER",
                "description": "User role",
                "permissions": [
                    
                ]
            }
        ]
    }
}

2025-12-09 15:43:21 AbstractApiMethod [TestNG-test=User API Tests-1-47] [INFO] Request method:	POST
Request URI:	http://localhost:9090/arigatouAirlines/users/sign-up
Request params:	<none>
Query params:	<none>
Form params:	<none>
Path params:	<none>
Multiparts:		<none>
Cookies:		<none>
Headers:		Accept=*/*
				Content-Type=application/json; charset=UTF-8
Body:
{
    "email": "auto1765269801691@test.com",
    "username": "uniqueUser9758",
    "password": "password123",
    "fullName": "Nguyen Van A",
    "phone": "0916302385",
    "dateOfBirth": "2000-01-01",
    "gender": "Male"
}
HTTP/1.1 400 
Vary: Origin
Vary: Access-Control-Request-Method
Vary: Access-Control-Request-Headers
X-Content-Type-Options: nosniff
X-XSS-Protection: 0
Cache-Control: no-cache, no-store, max-age=0, must-revalidate
Pragma: no-cache
Expires: 0
X-Frame-Options: DENY
Content-Type: application/json
Transfer-Encoding: chunked
Date: Tue, 09 Dec 2025 08:43:21 GMT
Connection: close

{
    "code": 1001,
    "message": "User already exists!"
}

2025-12-09 15:43:21 Messager [TestNG-test=User API Tests-1-47] [INFO] TEST [User API Tests - testDuplicateUsername] PASSED at [15:43:21 2025-12-09]
]]></system-out>
  </testcase>
  <testcase name="testEmailEmpty" classname="dllv.carina.carina.demo.APIUserTest" time="0.034">
    <system-out><![CDATA[2025-12-09 15:43:21 TestRunRegistrar [TestNG-test=User API Tests-1-47] [WARN] Reporting disabled: using no op test run registrar
2025-12-09 15:43:21 Messager [TestNG-test=User API Tests-1-47] [INFO] TEST [User API Tests - testEmailEmpty] STARTED at [15:43:21 2025-12-09]
2025-12-09 15:43:21 AbstractApiMethod [TestNG-test=User API Tests-1-47] [INFO] Request method:	POST
Request URI:	http://localhost:9090/arigatouAirlines/users/sign-up
Request params:	<none>
Query params:	<none>
Form params:	<none>
Path params:	<none>
Multiparts:		<none>
Cookies:		<none>
Headers:		Accept=*/*
				Content-Type=application/json; charset=UTF-8
Body:
{
    "email": "",
    "username": "user1765269801718",
    "password": "password123",
    "fullName": "Nguyen Van A",
    "phone": "0982220048",
    "dateOfBirth": "2000-01-01",
    "gender": "Male"
}
HTTP/1.1 400 
Vary: Origin
Vary: Access-Control-Request-Method
Vary: Access-Control-Request-Headers
X-Content-Type-Options: nosniff
X-XSS-Protection: 0
Cache-Control: no-cache, no-store, max-age=0, must-revalidate
Pragma: no-cache
Expires: 0
X-Frame-Options: DENY
Content-Type: application/json
Transfer-Encoding: chunked
Date: Tue, 09 Dec 2025 08:43:21 GMT
Connection: close

{
    "code": 1008,
    "message": "Invalid email format!"
}

2025-12-09 15:43:21 Messager [TestNG-test=User API Tests-1-47] [INFO] TEST [User API Tests - testEmailEmpty] PASSED at [15:43:21 2025-12-09]
]]></system-out>
  </testcase>
  <testcase name="testEmailNull" classname="dllv.carina.carina.demo.APIUserTest" time="0.039">
    <failure message="code&#10;Expected: 4005&#10;     got: 1007&#10; ; message&#10;Expected: Email must not be null!&#10;     got: Email already exists!&#10;" type="java.lang.AssertionError"><![CDATA[java.lang.AssertionError: 
code
Expected: 4005
     got: 1007
 ; message
Expected: Email must not be null!
     got: Email already exists!

	at org.skyscreamer.jsonassert.JSONAssert.assertEquals(JSONAssert.java:482)
	at org.skyscreamer.jsonassert.JSONAssert.assertEquals(JSONAssert.java:464)
	at com.zebrunner.carina.api.AbstractApiMethodV2.validateResponse(AbstractApiMethodV2.java:339)
	at com.zebrunner.carina.api.AbstractApiMethodV2.validateResponse(AbstractApiMethodV2.java:299)
	at com.zebrunner.carina.api.AbstractApiMethodV2.validateResponse(AbstractApiMethodV2.java:363)
	at dllv.carina.carina.demo.APIUserTest.validateError(APIUserTest.java:46)
	at dllv.carina.carina.demo.APIUserTest.testEmailNull(APIUserTest.java:90)
	at java.base/jdk.internal.reflect.DirectMethodHandleAccessor.invoke(DirectMethodHandleAccessor.java:104)
	at java.base/java.lang.reflect.Method.invoke(Method.java:565)
	at org.testng.internal.invokers.MethodInvocationHelper.invokeMethod(MethodInvocationHelper.java:139)
	at org.testng.internal.invokers.TestInvoker.invokeMethod(TestInvoker.java:677)
	at org.testng.internal.invokers.TestInvoker.invokeTestMethod(TestInvoker.java:221)
	at org.testng.internal.invokers.MethodRunner.runInSequence(MethodRunner.java:50)
	at org.testng.internal.invokers.TestInvoker$MethodInvocationAgent.invoke(TestInvoker.java:969)
	at org.testng.internal.invokers.TestInvoker.invokeTestMethods(TestInvoker.java:194)
	at org.testng.internal.invokers.TestMethodWorker.invokeTestMethods(TestMethodWorker.java:148)
	at org.testng.internal.invokers.TestMethodWorker.run(TestMethodWorker.java:128)
	at java.base/java.util.concurrent.ThreadPoolExecutor.runWorker(ThreadPoolExecutor.java:1090)
	at java.base/java.util.concurrent.ThreadPoolExecutor$Worker.run(ThreadPoolExecutor.java:614)
	at java.base/java.lang.Thread.run(Thread.java:1474)
]]></failure>
    <system-out><![CDATA[2025-12-09 15:43:21 TestRunRegistrar [TestNG-test=User API Tests-1-47] [WARN] Reporting disabled: using no op test run registrar
2025-12-09 15:43:21 Messager [TestNG-test=User API Tests-1-47] [INFO] TEST [User API Tests - testEmailNull] STARTED at [15:43:21 2025-12-09]
2025-12-09 15:43:21 AbstractApiMethod [TestNG-test=User API Tests-1-47] [INFO] Request method:	POST
Request URI:	http://localhost:9090/arigatouAirlines/users/sign-up
Request params:	<none>
Query params:	<none>
Form params:	<none>
Path params:	<none>
Multiparts:		<none>
Cookies:		<none>
Headers:		Accept=*/*
				Content-Type=application/json; charset=UTF-8
Body:
{
    "username": "user1765269801756",
    "password": "password123",
    "fullName": "Nguyen Van A",
    "phone": "0913725326",
    "dateOfBirth": "2000-01-01",
    "gender": "Male"
}
HTTP/1.1 400 
Vary: Origin
Vary: Access-Control-Request-Method
Vary: Access-Control-Request-Headers
X-Content-Type-Options: nosniff
X-XSS-Protection: 0
Cache-Control: no-cache, no-store, max-age=0, must-revalidate
Pragma: no-cache
Expires: 0
X-Frame-Options: DENY
Content-Type: application/json
Transfer-Encoding: chunked
Date: Tue, 09 Dec 2025 08:43:21 GMT
Connection: close

{
    "code": 1007,
    "message": "Email already exists!"
}

2025-12-09 15:43:21 Messager [TestNG-test=User API Tests-1-47] [ERROR] TEST [User API Tests - testEmailNull] FAILED at [15:43:21 2025-12-09] - code
Expected: 4005
     got: 1007
 ; message
Expected: Email must not be null!
     got: Email already exists!


org.skyscreamer.jsonassert.JSONAssert.assertEquals(JSONAssert.java:482)
org.skyscreamer.jsonassert.JSONAssert.assertEquals(JSONAssert.java:464)
com.zebrunner.carina.api.AbstractApiMethodV2.validateResponse(AbstractApiMethodV2.java:339)
com.zebrunner.carina.api.AbstractApiMethodV2.validateResponse(AbstractApiMethodV2.java:299)
com.zebrunner.carina.api.AbstractApiMethodV2.validateResponse(AbstractApiMethodV2.java:363)
dllv.carina.carina.demo.APIUserTest.validateError(APIUserTest.java:46)
dllv.carina.carina.demo.APIUserTest.testEmailNull(APIUserTest.java:90)
java.base/jdk.internal.reflect.DirectMethodHandleAccessor.invoke(DirectMethodHandleAccessor.java:104)
java.base/java.lang.reflect.Method.invoke(Method.java:565)
org.testng.internal.invokers.MethodInvocationHelper.invokeMethod(MethodInvocationHelper.java:139)
org.testng.internal.invokers.TestInvoker.invokeMethod(TestInvoker.java:677)
org.testng.internal.invokers.TestInvoker.invokeTestMethod(TestInvoker.java:221)
org.testng.internal.invokers.MethodRunner.runInSequence(MethodRunner.java:50)
org.testng.internal.invokers.TestInvoker$MethodInvocationAgent.invoke(TestInvoker.java:969)
org.testng.internal.invokers.TestInvoker.invokeTestMethods(TestInvoker.java:194)
org.testng.internal.invokers.TestMethodWorker.invokeTestMethods(TestMethodWorker.java:148)
org.testng.internal.invokers.TestMethodWorker.run(TestMethodWorker.java:128)
java.base/java.util.concurrent.ThreadPoolExecutor.runWorker(ThreadPoolExecutor.java:1090)
java.base/java.util.concurrent.ThreadPoolExecutor$Worker.run(ThreadPoolExecutor.java:614)
java.base/java.lang.Thread.run(Thread.java:1474)
]]></system-out>
  </testcase>
  <testcase name="testGetDetailInvalidToken" classname="dllv.carina.carina.demo.APIUserTest" time="0.063">
    <system-out><![CDATA[2025-12-09 15:43:21 TestRunRegistrar [TestNG-test=User API Tests-1-47] [WARN] Reporting disabled: using no op test run registrar
2025-12-09 15:43:21 Messager [TestNG-test=User API Tests-1-47] [INFO] TEST [User API Tests - testGetDetailInvalidToken] STARTED at [15:43:21 2025-12-09]
2025-12-09 15:43:21 AbstractApiMethod [TestNG-test=User API Tests-1-47] [INFO] Request method:	GET
Request URI:	http://localhost:9090/arigatouAirlines/users/2
Request params:	<none>
Query params:	<none>
Form params:	<none>
Path params:	<none>
Multiparts:		<none>
Cookies:		<none>
Headers:		Accept=*/*
				Authorization=Bearer invalid_token
				Content-Type=application/json; charset=UTF-8
Body:			<none>
HTTP/1.1 401 
Vary: Origin
Vary: Access-Control-Request-Method
Vary: Access-Control-Request-Headers
X-Content-Type-Options: nosniff
X-XSS-Protection: 0
Cache-Control: no-cache, no-store, max-age=0, must-revalidate
Pragma: no-cache
Expires: 0
X-Frame-Options: DENY
Set-Cookie: JSESSIONID=BF4304A616D1A4AED716D67EF74CAACC; Path=/arigatouAirlines; HttpOnly
Content-Type: application/json;charset=ISO-8859-1
Transfer-Encoding: chunked
Date: Tue, 09 Dec 2025 08:43:21 GMT
Keep-Alive: timeout=60
Connection: keep-alive
JSESSIONID=BF4304A616D1A4AED716D67EF74CAACC;Path=/arigatouAirlines;HttpOnly
{
    "code": 2001,
    "message": "Unauthenticated!"
}

2025-12-09 15:43:21 Messager [TestNG-test=User API Tests-1-47] [INFO] TEST [User API Tests - testGetDetailInvalidToken] PASSED at [15:43:21 2025-12-09]
]]></system-out>
  </testcase>
  <testcase name="testGetDetailNoToken" classname="dllv.carina.carina.demo.APIUserTest" time="0.023">
    <system-out><![CDATA[2025-12-09 15:43:21 TestRunRegistrar [TestNG-test=User API Tests-1-47] [WARN] Reporting disabled: using no op test run registrar
2025-12-09 15:43:21 Messager [TestNG-test=User API Tests-1-47] [INFO] TEST [User API Tests - testGetDetailNoToken] STARTED at [15:43:21 2025-12-09]
2025-12-09 15:43:21 AbstractApiMethod [TestNG-test=User API Tests-1-47] [INFO] Request method:	GET
Request URI:	http://localhost:9090/arigatouAirlines/users/2
Request params:	<none>
Query params:	<none>
Form params:	<none>
Path params:	<none>
Multiparts:		<none>
Cookies:		<none>
Headers:		Accept=*/*
				Content-Type=application/json; charset=UTF-8
Body:			<none>
HTTP/1.1 401 
Vary: Origin
Vary: Access-Control-Request-Method
Vary: Access-Control-Request-Headers
Set-Cookie: JSESSIONID=3C44BD336832106374E2FDDEB4CB09D4; Path=/arigatouAirlines; HttpOnly
X-Content-Type-Options: nosniff
X-XSS-Protection: 0
Cache-Control: no-cache, no-store, max-age=0, must-revalidate
Pragma: no-cache
Expires: 0
X-Frame-Options: DENY
Content-Type: application/json;charset=ISO-8859-1
Transfer-Encoding: chunked
Date: Tue, 09 Dec 2025 08:43:21 GMT
Keep-Alive: timeout=60
Connection: keep-alive
JSESSIONID=3C44BD336832106374E2FDDEB4CB09D4;Path=/arigatouAirlines;HttpOnly
{
    "code": 2001,
    "message": "Unauthenticated!"
}

2025-12-09 15:43:21 Messager [TestNG-test=User API Tests-1-47] [INFO] TEST [User API Tests - testGetDetailNoToken] PASSED at [15:43:21 2025-12-09]
]]></system-out>
  </testcase>
  <testcase name="testGetListInvalidToken" classname="dllv.carina.carina.demo.APIUserTest" time="0.008">
    <system-out><![CDATA[2025-12-09 15:43:21 TestRunRegistrar [TestNG-test=User API Tests-1-47] [WARN] Reporting disabled: using no op test run registrar
2025-12-09 15:43:21 Messager [TestNG-test=User API Tests-1-47] [INFO] TEST [User API Tests - testGetListInvalidToken] STARTED at [15:43:21 2025-12-09]
2025-12-09 15:43:21 AbstractApiMethod [TestNG-test=User API Tests-1-47] [INFO] Request method:	GET
Request URI:	http://localhost:9090/arigatouAirlines/users
Request params:	<none>
Query params:	<none>
Form params:	<none>
Path params:	<none>
Multiparts:		<none>
Cookies:		<none>
Headers:		Accept=*/*
				Authorization=Bearer invalid_token_xyz
				Content-Type=application/json; charset=UTF-8
Body:			<none>
HTTP/1.1 401 
Vary: Origin
Vary: Access-Control-Request-Method
Vary: Access-Control-Request-Headers
X-Content-Type-Options: nosniff
X-XSS-Protection: 0
Cache-Control: no-cache, no-store, max-age=0, must-revalidate
Pragma: no-cache
Expires: 0
X-Frame-Options: DENY
Set-Cookie: JSESSIONID=D2CDBE43763B1881E914B21A61E0E9DA; Path=/arigatouAirlines; HttpOnly
Content-Type: application/json;charset=ISO-8859-1
Transfer-Encoding: chunked
Date: Tue, 09 Dec 2025 08:43:21 GMT
Keep-Alive: timeout=60
Connection: keep-alive
JSESSIONID=D2CDBE43763B1881E914B21A61E0E9DA;Path=/arigatouAirlines;HttpOnly
{
    "code": 2001,
    "message": "Unauthenticated!"
}

2025-12-09 15:43:21 Messager [TestNG-test=User API Tests-1-47] [INFO] TEST [User API Tests - testGetListInvalidToken] PASSED at [15:43:21 2025-12-09]
]]></system-out>
  </testcase>
  <testcase name="testGetListNoToken" classname="dllv.carina.carina.demo.APIUserTest" time="0.028">
    <system-out><![CDATA[2025-12-09 15:43:21 TestRunRegistrar [TestNG-test=User API Tests-1-47] [WARN] Reporting disabled: using no op test run registrar
2025-12-09 15:43:21 Messager [TestNG-test=User API Tests-1-47] [INFO] TEST [User API Tests - testGetListNoToken] STARTED at [15:43:21 2025-12-09]
2025-12-09 15:43:21 AbstractApiMethod [TestNG-test=User API Tests-1-47] [INFO] Request method:	GET
Request URI:	http://localhost:9090/arigatouAirlines/users
Request params:	<none>
Query params:	<none>
Form params:	<none>
Path params:	<none>
Multiparts:		<none>
Cookies:		<none>
Headers:		Accept=*/*
				Content-Type=application/json; charset=UTF-8
Body:			<none>
HTTP/1.1 401 
Vary: Origin
Vary: Access-Control-Request-Method
Vary: Access-Control-Request-Headers
Set-Cookie: JSESSIONID=0FD1C83919BBD4A2B1238EAC68A844C6; Path=/arigatouAirlines; HttpOnly
X-Content-Type-Options: nosniff
X-XSS-Protection: 0
Cache-Control: no-cache, no-store, max-age=0, must-revalidate
Pragma: no-cache
Expires: 0
X-Frame-Options: DENY
Content-Type: application/json;charset=ISO-8859-1
Transfer-Encoding: chunked
Date: Tue, 09 Dec 2025 08:43:21 GMT
Keep-Alive: timeout=60
Connection: keep-alive
JSESSIONID=0FD1C83919BBD4A2B1238EAC68A844C6;Path=/arigatouAirlines;HttpOnly
{
    "code": 2001,
    "message": "Unauthenticated!"
}

2025-12-09 15:43:21 Messager [TestNG-test=User API Tests-1-47] [INFO] TEST [User API Tests - testGetListNoToken] PASSED at [15:43:21 2025-12-09]
]]></system-out>
  </testcase>
  <testcase name="testInvalidEmailFormat" classname="dllv.carina.carina.demo.APIUserTest" time="0.028">
    <system-out><![CDATA[2025-12-09 15:43:21 TestRunRegistrar [TestNG-test=User API Tests-1-47] [WARN] Reporting disabled: using no op test run registrar
2025-12-09 15:43:21 Messager [TestNG-test=User API Tests-1-47] [INFO] TEST [User API Tests - testInvalidEmailFormat] STARTED at [15:43:21 2025-12-09]
2025-12-09 15:43:21 AbstractApiMethod [TestNG-test=User API Tests-1-47] [INFO] Request method:	POST
Request URI:	http://localhost:9090/arigatouAirlines/users/sign-up
Request params:	<none>
Query params:	<none>
Form params:	<none>
Path params:	<none>
Multiparts:		<none>
Cookies:		<none>
Headers:		Accept=*/*
				Content-Type=application/json; charset=UTF-8
Body:
{
    "email": "invalid-email",
    "username": "user1765269801915",
    "password": "password123",
    "fullName": "Nguyen Van A",
    "phone": "0964061490",
    "dateOfBirth": "2000-01-01",
    "gender": "Male"
}
HTTP/1.1 400 
Vary: Origin
Vary: Access-Control-Request-Method
Vary: Access-Control-Request-Headers
X-Content-Type-Options: nosniff
X-XSS-Protection: 0
Cache-Control: no-cache, no-store, max-age=0, must-revalidate
Pragma: no-cache
Expires: 0
X-Frame-Options: DENY
Content-Type: application/json
Transfer-Encoding: chunked
Date: Tue, 09 Dec 2025 08:43:21 GMT
Connection: close

{
    "code": 1008,
    "message": "Invalid email format!"
}

2025-12-09 15:43:21 Messager [TestNG-test=User API Tests-1-47] [INFO] TEST [User API Tests - testInvalidEmailFormat] PASSED at [15:43:21 2025-12-09]
]]></system-out>
  </testcase>
  <testcase name="testMissingDOB" classname="dllv.carina.carina.demo.APIUserTest" time="0.022">
    <system-out><![CDATA[2025-12-09 15:43:21 TestRunRegistrar [TestNG-test=User API Tests-1-47] [WARN] Reporting disabled: using no op test run registrar
2025-12-09 15:43:21 Messager [TestNG-test=User API Tests-1-47] [INFO] TEST [User API Tests - testMissingDOB] STARTED at [15:43:21 2025-12-09]
2025-12-09 15:43:21 AbstractApiMethod [TestNG-test=User API Tests-1-47] [INFO] Request method:	POST
Request URI:	http://localhost:9090/arigatouAirlines/users/sign-up
Request params:	<none>
Query params:	<none>
Form params:	<none>
Path params:	<none>
Multiparts:		<none>
Cookies:		<none>
Headers:		Accept=*/*
				Content-Type=application/json; charset=UTF-8
Body:
{
    "email": "auto1765269801944@test.com",
    "username": "user1765269801944",
    "password": "password123",
    "fullName": "Nguyen Van A",
    "phone": "0917715707",
    "gender": "Male"
}
HTTP/1.1 400 
Vary: Origin
Vary: Access-Control-Request-Method
Vary: Access-Control-Request-Headers
X-Content-Type-Options: nosniff
X-XSS-Protection: 0
Cache-Control: no-cache, no-store, max-age=0, must-revalidate
Pragma: no-cache
Expires: 0
X-Frame-Options: DENY
Content-Type: application/json
Transfer-Encoding: chunked
Date: Tue, 09 Dec 2025 08:43:21 GMT
Connection: close

{
    "code": 4006,
    "message": "Date of birth must not be null!"
}

2025-12-09 15:43:21 Messager [TestNG-test=User API Tests-1-47] [INFO] TEST [User API Tests - testMissingDOB] PASSED at [15:43:21 2025-12-09]
]]></system-out>
  </testcase>
  <testcase name="testMissingFullName" classname="dllv.carina.carina.demo.APIUserTest" time="0.035">
    <system-out><![CDATA[2025-12-09 15:43:21 TestRunRegistrar [TestNG-test=User API Tests-1-47] [WARN] Reporting disabled: using no op test run registrar
2025-12-09 15:43:21 Messager [TestNG-test=User API Tests-1-47] [INFO] TEST [User API Tests - testMissingFullName] STARTED at [15:43:21 2025-12-09]
2025-12-09 15:43:21 AbstractApiMethod [TestNG-test=User API Tests-1-47] [INFO] Request method:	POST
Request URI:	http://localhost:9090/arigatouAirlines/users/sign-up
Request params:	<none>
Query params:	<none>
Form params:	<none>
Path params:	<none>
Multiparts:		<none>
Cookies:		<none>
Headers:		Accept=*/*
				Content-Type=application/json; charset=UTF-8
Body:
{
    "email": "auto1765269801967@test.com",
    "username": "user1765269801967",
    "password": "password123",
    "phone": "0998982032",
    "dateOfBirth": "2000-01-01",
    "gender": "Male"
}
HTTP/1.1 400 
Vary: Origin
Vary: Access-Control-Request-Method
Vary: Access-Control-Request-Headers
X-Content-Type-Options: nosniff
X-XSS-Protection: 0
Cache-Control: no-cache, no-store, max-age=0, must-revalidate
Pragma: no-cache
Expires: 0
X-Frame-Options: DENY
Content-Type: application/json
Transfer-Encoding: chunked
Date: Tue, 09 Dec 2025 08:43:21 GMT
Connection: close

{
    "code": 4009,
    "message": "Fullname must not be null!"
}

2025-12-09 15:43:21 Messager [TestNG-test=User API Tests-1-47] [INFO] TEST [User API Tests - testMissingFullName] PASSED at [15:43:21 2025-12-09]
]]></system-out>
  </testcase>
  <testcase name="testMissingGender" classname="dllv.carina.carina.demo.APIUserTest" time="0.025">
    <system-out><![CDATA[2025-12-09 15:43:22 TestRunRegistrar [TestNG-test=User API Tests-1-47] [WARN] Reporting disabled: using no op test run registrar
2025-12-09 15:43:22 Messager [TestNG-test=User API Tests-1-47] [INFO] TEST [User API Tests - testMissingGender] STARTED at [15:43:22 2025-12-09]
2025-12-09 15:43:22 AbstractApiMethod [TestNG-test=User API Tests-1-47] [INFO] Request method:	POST
Request URI:	http://localhost:9090/arigatouAirlines/users/sign-up
Request params:	<none>
Query params:	<none>
Form params:	<none>
Path params:	<none>
Multiparts:		<none>
Cookies:		<none>
Headers:		Accept=*/*
				Content-Type=application/json; charset=UTF-8
Body:
{
    "email": "auto1765269802006@test.com",
    "username": "user1765269802006",
    "password": "password123",
    "fullName": "Nguyen Van A",
    "phone": "0999310311",
    "dateOfBirth": "2000-01-01"
}
HTTP/1.1 400 
Vary: Origin
Vary: Access-Control-Request-Method
Vary: Access-Control-Request-Headers
X-Content-Type-Options: nosniff
X-XSS-Protection: 0
Cache-Control: no-cache, no-store, max-age=0, must-revalidate
Pragma: no-cache
Expires: 0
X-Frame-Options: DENY
Content-Type: application/json
Transfer-Encoding: chunked
Date: Tue, 09 Dec 2025 08:43:22 GMT
Connection: close

{
    "code": 1004,
    "message": "Gender must not be null!"
}

2025-12-09 15:43:22 Messager [TestNG-test=User API Tests-1-47] [INFO] TEST [User API Tests - testMissingGender] PASSED at [15:43:22 2025-12-09]
]]></system-out>
  </testcase>
  <testcase name="testMissingPassword" classname="dllv.carina.carina.demo.APIUserTest" time="0.018">
    <system-out><![CDATA[2025-12-09 15:43:22 TestRunRegistrar [TestNG-test=User API Tests-1-47] [WARN] Reporting disabled: using no op test run registrar
2025-12-09 15:43:22 Messager [TestNG-test=User API Tests-1-47] [INFO] TEST [User API Tests - testMissingPassword] STARTED at [15:43:22 2025-12-09]
2025-12-09 15:43:22 AbstractApiMethod [TestNG-test=User API Tests-1-47] [INFO] Request method:	POST
Request URI:	http://localhost:9090/arigatouAirlines/users/sign-up
Request params:	<none>
Query params:	<none>
Form params:	<none>
Path params:	<none>
Multiparts:		<none>
Cookies:		<none>
Headers:		Accept=*/*
				Content-Type=application/json; charset=UTF-8
Body:
{
    "email": "auto1765269802028@test.com",
    "username": "user1765269802028",
    "fullName": "Nguyen Van A",
    "phone": "0917753166",
    "dateOfBirth": "2000-01-01",
    "gender": "Male"
}
HTTP/1.1 400 
Vary: Origin
Vary: Access-Control-Request-Method
Vary: Access-Control-Request-Headers
X-Content-Type-Options: nosniff
X-XSS-Protection: 0
Cache-Control: no-cache, no-store, max-age=0, must-revalidate
Pragma: no-cache
Expires: 0
X-Frame-Options: DENY
Content-Type: application/json
Transfer-Encoding: chunked
Date: Tue, 09 Dec 2025 08:43:22 GMT
Connection: close

{
    "code": 4003,
    "message": "Password must not be null!"
}

2025-12-09 15:43:22 Messager [TestNG-test=User API Tests-1-47] [INFO] TEST [User API Tests - testMissingPassword] PASSED at [15:43:22 2025-12-09]
]]></system-out>
  </testcase>
  <testcase name="testMissingPhone" classname="dllv.carina.carina.demo.APIUserTest" time="0.024">
    <system-out><![CDATA[2025-12-09 15:43:22 TestRunRegistrar [TestNG-test=User API Tests-1-47] [WARN] Reporting disabled: using no op test run registrar
2025-12-09 15:43:22 Messager [TestNG-test=User API Tests-1-47] [INFO] TEST [User API Tests - testMissingPhone] STARTED at [15:43:22 2025-12-09]
2025-12-09 15:43:22 AbstractApiMethod [TestNG-test=User API Tests-1-47] [INFO] Request method:	POST
Request URI:	http://localhost:9090/arigatouAirlines/users/sign-up
Request params:	<none>
Query params:	<none>
Form params:	<none>
Path params:	<none>
Multiparts:		<none>
Cookies:		<none>
Headers:		Accept=*/*
				Content-Type=application/json; charset=UTF-8
Body:
{
    "email": "auto1765269802048@test.com",
    "username": "user1765269802048",
    "password": "password123",
    "fullName": "Nguyen Van A",
    "dateOfBirth": "2000-01-01",
    "gender": "Male"
}
HTTP/1.1 400 
Vary: Origin
Vary: Access-Control-Request-Method
Vary: Access-Control-Request-Headers
X-Content-Type-Options: nosniff
X-XSS-Protection: 0
Cache-Control: no-cache, no-store, max-age=0, must-revalidate
Pragma: no-cache
Expires: 0
X-Frame-Options: DENY
Content-Type: application/json
Transfer-Encoding: chunked
Date: Tue, 09 Dec 2025 08:43:22 GMT
Connection: close

{
    "code": 4010,
    "message": "Phone must not be null!"
}

2025-12-09 15:43:22 Messager [TestNG-test=User API Tests-1-47] [INFO] TEST [User API Tests - testMissingPhone] PASSED at [15:43:22 2025-12-09]
]]></system-out>
  </testcase>
  <testcase name="testMissingUsername" classname="dllv.carina.carina.demo.APIUserTest" time="0.014">
    <system-out><![CDATA[2025-12-09 15:43:22 TestRunRegistrar [TestNG-test=User API Tests-1-47] [WARN] Reporting disabled: using no op test run registrar
2025-12-09 15:43:22 Messager [TestNG-test=User API Tests-1-47] [INFO] TEST [User API Tests - testMissingUsername] STARTED at [15:43:22 2025-12-09]
2025-12-09 15:43:22 AbstractApiMethod [TestNG-test=User API Tests-1-47] [INFO] Request method:	POST
Request URI:	http://localhost:9090/arigatouAirlines/users/sign-up
Request params:	<none>
Query params:	<none>
Form params:	<none>
Path params:	<none>
Multiparts:		<none>
Cookies:		<none>
Headers:		Accept=*/*
				Content-Type=application/json; charset=UTF-8
Body:
{
    "email": "auto1765269802070@test.com",
    "password": "password123",
    "fullName": "Nguyen Van A",
    "phone": "0981121006",
    "dateOfBirth": "2000-01-01",
    "gender": "Male"
}
HTTP/1.1 400 
Vary: Origin
Vary: Access-Control-Request-Method
Vary: Access-Control-Request-Headers
X-Content-Type-Options: nosniff
X-XSS-Protection: 0
Cache-Control: no-cache, no-store, max-age=0, must-revalidate
Pragma: no-cache
Expires: 0
X-Frame-Options: DENY
Content-Type: application/json
Transfer-Encoding: chunked
Date: Tue, 09 Dec 2025 08:43:22 GMT
Connection: close

{
    "code": 4001,
    "message": "Username must not be null!"
}

2025-12-09 15:43:22 Messager [TestNG-test=User API Tests-1-47] [INFO] TEST [User API Tests - testMissingUsername] PASSED at [15:43:22 2025-12-09]
]]></system-out>
  </testcase>
  <testcase name="testPasswordTooShort" classname="dllv.carina.carina.demo.APIUserTest" time="0.018">
    <system-out><![CDATA[2025-12-09 15:43:22 TestRunRegistrar [TestNG-test=User API Tests-1-47] [WARN] Reporting disabled: using no op test run registrar
2025-12-09 15:43:22 Messager [TestNG-test=User API Tests-1-47] [INFO] TEST [User API Tests - testPasswordTooShort] STARTED at [15:43:22 2025-12-09]
2025-12-09 15:43:22 AbstractApiMethod [TestNG-test=User API Tests-1-47] [INFO] Request method:	POST
Request URI:	http://localhost:9090/arigatouAirlines/users/sign-up
Request params:	<none>
Query params:	<none>
Form params:	<none>
Path params:	<none>
Multiparts:		<none>
Cookies:		<none>
Headers:		Accept=*/*
				Content-Type=application/json; charset=UTF-8
Body:
{
    "email": "auto1765269802086@test.com",
    "username": "user1765269802086",
    "password": "123",
    "fullName": "Nguyen Van A",
    "phone": "0910304907",
    "dateOfBirth": "2000-01-01",
    "gender": "Male"
}
HTTP/1.1 400 
Vary: Origin
Vary: Access-Control-Request-Method
Vary: Access-Control-Request-Headers
X-Content-Type-Options: nosniff
X-XSS-Protection: 0
Cache-Control: no-cache, no-store, max-age=0, must-revalidate
Pragma: no-cache
Expires: 0
X-Frame-Options: DENY
Content-Type: application/json
Transfer-Encoding: chunked
Date: Tue, 09 Dec 2025 08:43:22 GMT
Connection: close

{
    "code": 4004,
    "message": "Password must be at least 8 characters!"
}

2025-12-09 15:43:22 Messager [TestNG-test=User API Tests-1-47] [INFO] TEST [User API Tests - testPasswordTooShort] PASSED at [15:43:22 2025-12-09]
]]></system-out>
  </testcase>
  <testcase name="testSignUpSuccess" classname="dllv.carina.carina.demo.APIUserTest" time="0.154">
    <system-out><![CDATA[2025-12-09 15:43:22 TestRunRegistrar [TestNG-test=User API Tests-1-47] [WARN] Reporting disabled: using no op test run registrar
2025-12-09 15:43:22 Messager [TestNG-test=User API Tests-1-47] [INFO] TEST [User API Tests - testSignUpSuccess] STARTED at [15:43:22 2025-12-09]
2025-12-09 15:43:22 AbstractApiMethod [TestNG-test=User API Tests-1-47] [INFO] Request method:	POST
Request URI:	http://localhost:9090/arigatouAirlines/users/sign-up
Request params:	<none>
Query params:	<none>
Form params:	<none>
Path params:	<none>
Multiparts:		<none>
Cookies:		<none>
Headers:		Accept=*/*
				Content-Type=application/json; charset=UTF-8
Body:
{
    "email": "auto1765269802103@test.com",
    "username": "user1765269802103",
    "password": "password123",
    "fullName": "Nguyen Van A",
    "phone": "0987501537",
    "dateOfBirth": "2000-01-01",
    "gender": "Male"
}
HTTP/1.1 200 
Vary: Origin
Vary: Access-Control-Request-Method
Vary: Access-Control-Request-Headers
X-Content-Type-Options: nosniff
X-XSS-Protection: 0
Cache-Control: no-cache, no-store, max-age=0, must-revalidate
Pragma: no-cache
Expires: 0
X-Frame-Options: DENY
Content-Type: application/json
Transfer-Encoding: chunked
Date: Tue, 09 Dec 2025 08:43:22 GMT
Keep-Alive: timeout=60
Connection: keep-alive

{
    "code": 0,
    "body": {
        "userId": 90,
        "email": "auto1765269802103@test.com",
        "username": "user1765269802103",
        "fullName": "Nguyen Van A",
        "phone": "0987501537",
        "dateOfBirth": "2000-01-01",
        "gender": "Male",
        "avatar": "default avatar",
        "roles": [
            {
                "roleName": "USER",
                "description": "User role",
                "permissions": [
                    
                ]
            }
        ]
    }
}

2025-12-09 15:43:22 Messager [TestNG-test=User API Tests-1-47] [INFO] TEST [User API Tests - testSignUpSuccess] PASSED at [15:43:22 2025-12-09]
]]></system-out>
  </testcase>
  <testcase name="testUserGetListForbidden" classname="dllv.carina.carina.demo.APIUserTest" time="0.196">
    <system-out><![CDATA[2025-12-09 15:43:22 TestRunRegistrar [TestNG-test=User API Tests-1-47] [WARN] Reporting disabled: using no op test run registrar
2025-12-09 15:43:22 Messager [TestNG-test=User API Tests-1-47] [INFO] TEST [User API Tests - testUserGetListForbidden] STARTED at [15:43:22 2025-12-09]
2025-12-09 15:43:22 AbstractApiMethod [TestNG-test=User API Tests-1-47] [INFO] Request method:	POST
Request URI:	http://localhost:9090/arigatouAirlines/auth/login
Request params:	<none>
Query params:	<none>
Form params:	<none>
Path params:	<none>
Multiparts:		<none>
Cookies:		<none>
Headers:		Accept=*/*
				Content-Type=application/json; charset=UTF-8
Body:
{
    "username": "daolelongvu",
    "password": "daolelongvu"
}
HTTP/1.1 200 
Vary: Origin
Vary: Access-Control-Request-Method
Vary: Access-Control-Request-Headers
X-Content-Type-Options: nosniff
X-XSS-Protection: 0
Cache-Control: no-cache, no-store, max-age=0, must-revalidate
Pragma: no-cache
Expires: 0
X-Frame-Options: DENY
Content-Type: application/json
Transfer-Encoding: chunked
Date: Tue, 09 Dec 2025 08:43:22 GMT
Keep-Alive: timeout=60
Connection: keep-alive

{
    "code": 0,
    "body": {
        "token": "eyJhbGciOiJIUzUxMiJ9.eyJpc3MiOiJBUEktQXJpZ2F0b3UtQWlybGluZXMiLCJzdWIiOiJkYW9sZWxvbmd2dSIsImV4cCI6MTc2NTI3MzQwMiwiaWF0IjoxNzY1MjY5ODAyLCJqdGkiOiIzZTNmODg0NC0xNTg1LTRlMmEtODI5MS05YWVhMzY0YmIxNjQiLCJzY29wZSI6IlJPTEVfVVNFUiJ9.CqfsauyfSkNen2mGhJFPMHex3Q1Mw8CcrFGJuZcLt0ahzG1gx3jhk0PMOzmag5sMopgA4mDz9oKvG9-wcbxBsQ",
        "authenticated": true
    }
}

2025-12-09 15:43:22 AbstractApiMethod [TestNG-test=User API Tests-1-47] [INFO] Request method:	GET
Request URI:	http://localhost:9090/arigatouAirlines/users
Request params:	<none>
Query params:	<none>
Form params:	<none>
Path params:	<none>
Multiparts:		<none>
Cookies:		<none>
Headers:		Accept=*/*
				Authorization=Bearer eyJhbGciOiJIUzUxMiJ9.eyJpc3MiOiJBUEktQXJpZ2F0b3UtQWlybGluZXMiLCJzdWIiOiJkYW9sZWxvbmd2dSIsImV4cCI6MTc2NTI3MzQwMiwiaWF0IjoxNzY1MjY5ODAyLCJqdGkiOiIzZTNmODg0NC0xNTg1LTRlMmEtODI5MS05YWVhMzY0YmIxNjQiLCJzY29wZSI6IlJPTEVfVVNFUiJ9.CqfsauyfSkNen2mGhJFPMHex3Q1Mw8CcrFGJuZcLt0ahzG1gx3jhk0PMOzmag5sMopgA4mDz9oKvG9-wcbxBsQ
				Content-Type=application/json; charset=UTF-8
Body:			<none>
HTTP/1.1 403 
Vary: Origin
Vary: Access-Control-Request-Method
Vary: Access-Control-Request-Headers
X-Content-Type-Options: nosniff
X-XSS-Protection: 0
Cache-Control: no-cache, no-store, max-age=0, must-revalidate
Pragma: no-cache
Expires: 0
X-Frame-Options: DENY
Content-Type: application/json
Transfer-Encoding: chunked
Date: Tue, 09 Dec 2025 08:43:22 GMT
Keep-Alive: timeout=60
Connection: keep-alive

{
    "code": 2002,
    "message": "You do not have permission!"
}

2025-12-09 15:43:22 Messager [TestNG-test=User API Tests-1-47] [INFO] TEST [User API Tests - testUserGetListForbidden] PASSED at [15:43:22 2025-12-09]
]]></system-out>
  </testcase>
  <testcase name="testUserGetMyInfo" classname="dllv.carina.carina.demo.APIUserTest" time="0.157">
    <system-out><![CDATA[2025-12-09 15:43:22 TestRunRegistrar [TestNG-test=User API Tests-1-47] [WARN] Reporting disabled: using no op test run registrar
2025-12-09 15:43:22 Messager [TestNG-test=User API Tests-1-47] [INFO] TEST [User API Tests - testUserGetMyInfo] STARTED at [15:43:22 2025-12-09]
2025-12-09 15:43:22 AbstractApiMethod [TestNG-test=User API Tests-1-47] [INFO] Request method:	POST
Request URI:	http://localhost:9090/arigatouAirlines/auth/login
Request params:	<none>
Query params:	<none>
Form params:	<none>
Path params:	<none>
Multiparts:		<none>
Cookies:		<none>
Headers:		Accept=*/*
				Content-Type=application/json; charset=UTF-8
Body:
{
    "username": "daolelongvu",
    "password": "daolelongvu"
}
HTTP/1.1 200 
Vary: Origin
Vary: Access-Control-Request-Method
Vary: Access-Control-Request-Headers
X-Content-Type-Options: nosniff
X-XSS-Protection: 0
Cache-Control: no-cache, no-store, max-age=0, must-revalidate
Pragma: no-cache
Expires: 0
X-Frame-Options: DENY
Content-Type: application/json
Transfer-Encoding: chunked
Date: Tue, 09 Dec 2025 08:43:22 GMT
Keep-Alive: timeout=60
Connection: keep-alive

{
    "code": 0,
    "body": {
        "token": "eyJhbGciOiJIUzUxMiJ9.eyJpc3MiOiJBUEktQXJpZ2F0b3UtQWlybGluZXMiLCJzdWIiOiJkYW9sZWxvbmd2dSIsImV4cCI6MTc2NTI3MzQwMiwiaWF0IjoxNzY1MjY5ODAyLCJqdGkiOiJmMjQ3MjI2Yy0wNWY5LTQ2ZTktYWQ1MC0yNTdlYzhkNWVjNDIiLCJzY29wZSI6IlJPTEVfVVNFUiJ9.mM5G52wHn-HY4BT0KCCkFnbsx9otm8hkkPNBjIZjOrOnekjmwNkJ_K0Xk_ZuQ1v0b7EhLqr9GqFgvwGKBe5obA",
        "authenticated": true
    }
}

2025-12-09 15:43:22 AbstractApiMethod [TestNG-test=User API Tests-1-47] [INFO] Request method:	GET
Request URI:	http://localhost:9090/arigatouAirlines/users/myInfo
Request params:	<none>
Query params:	<none>
Form params:	<none>
Path params:	<none>
Multiparts:		<none>
Cookies:		<none>
Headers:		Accept=*/*
				Authorization=Bearer eyJhbGciOiJIUzUxMiJ9.eyJpc3MiOiJBUEktQXJpZ2F0b3UtQWlybGluZXMiLCJzdWIiOiJkYW9sZWxvbmd2dSIsImV4cCI6MTc2NTI3MzQwMiwiaWF0IjoxNzY1MjY5ODAyLCJqdGkiOiJmMjQ3MjI2Yy0wNWY5LTQ2ZTktYWQ1MC0yNTdlYzhkNWVjNDIiLCJzY29wZSI6IlJPTEVfVVNFUiJ9.mM5G52wHn-HY4BT0KCCkFnbsx9otm8hkkPNBjIZjOrOnekjmwNkJ_K0Xk_ZuQ1v0b7EhLqr9GqFgvwGKBe5obA
				Content-Type=application/json; charset=UTF-8
Body:			<none>
HTTP/1.1 200 
Vary: Origin
Vary: Access-Control-Request-Method
Vary: Access-Control-Request-Headers
X-Content-Type-Options: nosniff
X-XSS-Protection: 0
Cache-Control: no-cache, no-store, max-age=0, must-revalidate
Pragma: no-cache
Expires: 0
X-Frame-Options: DENY
Content-Type: application/json
Transfer-Encoding: chunked
Date: Tue, 09 Dec 2025 08:43:22 GMT
Keep-Alive: timeout=60
Connection: keep-alive

{
    "code": 0,
    "body": {
        "userId": 2,
        "email": "Daolelongvu1000@gmail.com",
        "username": "daolelongvu",
        "fullName": "Dao Le Long Vu",
        "phone": "0366873718",
        "dateOfBirth": "2005-06-05",
        "gender": "Male",
        "avatar": "default avatar",
        "roles": [
            {
                "roleName": "USER",
                "description": "User role",
                "permissions": [
                    
                ]
            }
        ]
    }
}

2025-12-09 15:43:22 Messager [TestNG-test=User API Tests-1-47] [INFO] TEST [User API Tests - testUserGetMyInfo] PASSED at [15:43:22 2025-12-09]
]]></system-out>
  </testcase>
  <testcase name="testUserNotFound" classname="dllv.carina.carina.demo.APIUserTest" time="0.188">
    <system-out><![CDATA[2025-12-09 15:43:22 TestRunRegistrar [TestNG-test=User API Tests-1-47] [WARN] Reporting disabled: using no op test run registrar
2025-12-09 15:43:22 Messager [TestNG-test=User API Tests-1-47] [INFO] TEST [User API Tests - testUserNotFound] STARTED at [15:43:22 2025-12-09]
2025-12-09 15:43:22 AbstractApiMethod [TestNG-test=User API Tests-1-47] [INFO] Request method:	POST
Request URI:	http://localhost:9090/arigatouAirlines/auth/login
Request params:	<none>
Query params:	<none>
Form params:	<none>
Path params:	<none>
Multiparts:		<none>
Cookies:		<none>
Headers:		Accept=*/*
				Content-Type=application/json; charset=UTF-8
Body:
{
    "username": "admin",
    "password": "admin"
}
HTTP/1.1 200 
Vary: Origin
Vary: Access-Control-Request-Method
Vary: Access-Control-Request-Headers
X-Content-Type-Options: nosniff
X-XSS-Protection: 0
Cache-Control: no-cache, no-store, max-age=0, must-revalidate
Pragma: no-cache
Expires: 0
X-Frame-Options: DENY
Content-Type: application/json
Transfer-Encoding: chunked
Date: Tue, 09 Dec 2025 08:43:22 GMT
Keep-Alive: timeout=60
Connection: keep-alive

{
    "code": 0,
    "body": {
        "token": "eyJhbGciOiJIUzUxMiJ9.eyJpc3MiOiJBUEktQXJpZ2F0b3UtQWlybGluZXMiLCJzdWIiOiJhZG1pbiIsImV4cCI6MTc2NTI3MzQwMiwiaWF0IjoxNzY1MjY5ODAyLCJqdGkiOiJmMmY3MjczOC0yM2ZhLTQxYmItOWYyMC1kNDdmYzJmODIxNDkiLCJzY29wZSI6IlJPTEVfQURNSU4ifQ.H_q050DpuOy2nmiF9CzkYTnCtFMbVojfbP8UJMAyWdf1UVq383tIjYd5gK91ENKYsLDT1Rf59Qjel_1mvEtKnA",
        "authenticated": true
    }
}

2025-12-09 15:43:22 AbstractApiMethod [TestNG-test=User API Tests-1-47] [INFO] Request method:	GET
Request URI:	http://localhost:9090/arigatouAirlines/users/999999999
Request params:	<none>
Query params:	<none>
Form params:	<none>
Path params:	<none>
Multiparts:		<none>
Cookies:		<none>
Headers:		Accept=*/*
				Authorization=Bearer eyJhbGciOiJIUzUxMiJ9.eyJpc3MiOiJBUEktQXJpZ2F0b3UtQWlybGluZXMiLCJzdWIiOiJhZG1pbiIsImV4cCI6MTc2NTI3MzQwMiwiaWF0IjoxNzY1MjY5ODAyLCJqdGkiOiJmMmY3MjczOC0yM2ZhLTQxYmItOWYyMC1kNDdmYzJmODIxNDkiLCJzY29wZSI6IlJPTEVfQURNSU4ifQ.H_q050DpuOy2nmiF9CzkYTnCtFMbVojfbP8UJMAyWdf1UVq383tIjYd5gK91ENKYsLDT1Rf59Qjel_1mvEtKnA
				Content-Type=application/json; charset=UTF-8
Body:			<none>
HTTP/1.1 400 
Vary: Origin
Vary: Access-Control-Request-Method
Vary: Access-Control-Request-Headers
X-Content-Type-Options: nosniff
X-XSS-Protection: 0
Cache-Control: no-cache, no-store, max-age=0, must-revalidate
Pragma: no-cache
Expires: 0
X-Frame-Options: DENY
Content-Type: application/json
Transfer-Encoding: chunked
Date: Tue, 09 Dec 2025 08:43:22 GMT
Connection: close

{
    "code": 1002,
    "message": "User does not exist!"
}

2025-12-09 15:43:22 Messager [TestNG-test=User API Tests-1-47] [INFO] TEST [User API Tests - testUserNotFound] PASSED at [15:43:22 2025-12-09]
]]></system-out>
  </testcase>
  <testcase name="testUserViewOtherProfileForbidden" classname="dllv.carina.carina.demo.APIUserTest" time="0.161">
    <system-out><![CDATA[2025-12-09 15:43:22 TestRunRegistrar [TestNG-test=User API Tests-1-47] [WARN] Reporting disabled: using no op test run registrar
2025-12-09 15:43:22 Messager [TestNG-test=User API Tests-1-47] [INFO] TEST [User API Tests - testUserViewOtherProfileForbidden] STARTED at [15:43:22 2025-12-09]
2025-12-09 15:43:22 AbstractApiMethod [TestNG-test=User API Tests-1-47] [INFO] Request method:	POST
Request URI:	http://localhost:9090/arigatouAirlines/auth/login
Request params:	<none>
Query params:	<none>
Form params:	<none>
Path params:	<none>
Multiparts:		<none>
Cookies:		<none>
Headers:		Accept=*/*
				Content-Type=application/json; charset=UTF-8
Body:
{
    "username": "daolelongvu",
    "password": "daolelongvu"
}
HTTP/1.1 200 
Vary: Origin
Vary: Access-Control-Request-Method
Vary: Access-Control-Request-Headers
X-Content-Type-Options: nosniff
X-XSS-Protection: 0
Cache-Control: no-cache, no-store, max-age=0, must-revalidate
Pragma: no-cache
Expires: 0
X-Frame-Options: DENY
Content-Type: application/json
Transfer-Encoding: chunked
Date: Tue, 09 Dec 2025 08:43:22 GMT
Keep-Alive: timeout=60
Connection: keep-alive

{
    "code": 0,
    "body": {
        "token": "eyJhbGciOiJIUzUxMiJ9.eyJpc3MiOiJBUEktQXJpZ2F0b3UtQWlybGluZXMiLCJzdWIiOiJkYW9sZWxvbmd2dSIsImV4cCI6MTc2NTI3MzQwMiwiaWF0IjoxNzY1MjY5ODAyLCJqdGkiOiJiYTE0MjcyNy0xMWJlLTRlZjQtYTU2Zi04MGQ1OGYxNWExNGQiLCJzY29wZSI6IlJPTEVfVVNFUiJ9.WpnOwUwQsFluV4RdCR3Lg6_vfctW7gcgZ5czh3i4DW9sdtS-ctqEUFd-AddiRtvMTyfjsNLW_j8QZa_mA-NpHA",
        "authenticated": true
    }
}

2025-12-09 15:43:22 AbstractApiMethod [TestNG-test=User API Tests-1-47] [INFO] Request method:	GET
Request URI:	http://localhost:9090/arigatouAirlines/users/1
Request params:	<none>
Query params:	<none>
Form params:	<none>
Path params:	<none>
Multiparts:		<none>
Cookies:		<none>
Headers:		Accept=*/*
				Authorization=Bearer eyJhbGciOiJIUzUxMiJ9.eyJpc3MiOiJBUEktQXJpZ2F0b3UtQWlybGluZXMiLCJzdWIiOiJkYW9sZWxvbmd2dSIsImV4cCI6MTc2NTI3MzQwMiwiaWF0IjoxNzY1MjY5ODAyLCJqdGkiOiJiYTE0MjcyNy0xMWJlLTRlZjQtYTU2Zi04MGQ1OGYxNWExNGQiLCJzY29wZSI6IlJPTEVfVVNFUiJ9.WpnOwUwQsFluV4RdCR3Lg6_vfctW7gcgZ5czh3i4DW9sdtS-ctqEUFd-AddiRtvMTyfjsNLW_j8QZa_mA-NpHA
				Content-Type=application/json; charset=UTF-8
Body:			<none>
HTTP/1.1 403 
Vary: Origin
Vary: Access-Control-Request-Method
Vary: Access-Control-Request-Headers
X-Content-Type-Options: nosniff
X-XSS-Protection: 0
Cache-Control: no-cache, no-store, max-age=0, must-revalidate
Pragma: no-cache
Expires: 0
X-Frame-Options: DENY
Content-Type: application/json
Transfer-Encoding: chunked
Date: Tue, 09 Dec 2025 08:43:22 GMT
Keep-Alive: timeout=60
Connection: keep-alive

{
    "code": 2002,
    "message": "You do not have permission!"
}

2025-12-09 15:43:22 Messager [TestNG-test=User API Tests-1-47] [INFO] TEST [User API Tests - testUserViewOtherProfileForbidden] PASSED at [15:43:22 2025-12-09]
]]></system-out>
  </testcase>
  <testcase name="testUsernameTooLong" classname="dllv.carina.carina.demo.APIUserTest" time="0.014">
    <system-out><![CDATA[2025-12-09 15:43:22 TestRunRegistrar [TestNG-test=User API Tests-1-47] [WARN] Reporting disabled: using no op test run registrar
2025-12-09 15:43:22 Messager [TestNG-test=User API Tests-1-47] [INFO] TEST [User API Tests - testUsernameTooLong] STARTED at [15:43:22 2025-12-09]
2025-12-09 15:43:22 AbstractApiMethod [TestNG-test=User API Tests-1-47] [INFO] Request method:	POST
Request URI:	http://localhost:9090/arigatouAirlines/users/sign-up
Request params:	<none>
Query params:	<none>
Form params:	<none>
Path params:	<none>
Multiparts:		<none>
Cookies:		<none>
Headers:		Accept=*/*
				Content-Type=application/json; charset=UTF-8
Body:
{
    "email": "auto1765269802957@test.com",
    "username": "testUserWithNameLongerThan20Characters",
    "password": "password123",
    "fullName": "Nguyen Van A",
    "phone": "0941141657",
    "dateOfBirth": "2000-01-01",
    "gender": "Male"
}
HTTP/1.1 400 
Vary: Origin
Vary: Access-Control-Request-Method
Vary: Access-Control-Request-Headers
X-Content-Type-Options: nosniff
X-XSS-Protection: 0
Cache-Control: no-cache, no-store, max-age=0, must-revalidate
Pragma: no-cache
Expires: 0
X-Frame-Options: DENY
Content-Type: application/json
Transfer-Encoding: chunked
Date: Tue, 09 Dec 2025 08:43:22 GMT
Connection: close

{
    "code": 4008,
    "message": "Username must be at less than 20 characters!"
}

2025-12-09 15:43:22 Messager [TestNG-test=User API Tests-1-47] [INFO] TEST [User API Tests - testUsernameTooLong] PASSED at [15:43:22 2025-12-09]
]]></system-out>
  </testcase>
  <testcase name="testUsernameTooShort" classname="dllv.carina.carina.demo.APIUserTest" time="0.013">
    <system-out><![CDATA[2025-12-09 15:43:22 TestRunRegistrar [TestNG-test=User API Tests-1-47] [WARN] Reporting disabled: using no op test run registrar
2025-12-09 15:43:22 Messager [TestNG-test=User API Tests-1-47] [INFO] TEST [User API Tests - testUsernameTooShort] STARTED at [15:43:22 2025-12-09]
2025-12-09 15:43:22 AbstractApiMethod [TestNG-test=User API Tests-1-47] [INFO] Request method:	POST
Request URI:	http://localhost:9090/arigatouAirlines/users/sign-up
Request params:	<none>
Query params:	<none>
Form params:	<none>
Path params:	<none>
Multiparts:		<none>
Cookies:		<none>
Headers:		Accept=*/*
				Content-Type=application/json; charset=UTF-8
Body:
{
    "email": "auto1765269802973@test.com",
    "username": "abc",
    "password": "password123",
    "fullName": "Nguyen Van A",
    "phone": "0917534604",
    "dateOfBirth": "2000-01-01",
    "gender": "Male"
}
HTTP/1.1 400 
Vary: Origin
Vary: Access-Control-Request-Method
Vary: Access-Control-Request-Headers
X-Content-Type-Options: nosniff
X-XSS-Protection: 0
Cache-Control: no-cache, no-store, max-age=0, must-revalidate
Pragma: no-cache
Expires: 0
X-Frame-Options: DENY
Content-Type: application/json
Transfer-Encoding: chunked
Date: Tue, 09 Dec 2025 08:43:22 GMT
Connection: close

{
    "code": 4002,
    "message": "Username must be at least 6 characters!"
}

2025-12-09 15:43:22 Messager [TestNG-test=User API Tests-1-47] [INFO] TEST [User API Tests - testUsernameTooShort] PASSED at [15:43:22 2025-12-09]
]]></system-out>
  </testcase>
  <testcase name="testWrongHttpMethod" classname="dllv.carina.carina.demo.APIUserTest" time="0.171">
    <system-out><![CDATA[2025-12-09 15:43:22 TestRunRegistrar [TestNG-test=User API Tests-1-47] [WARN] Reporting disabled: using no op test run registrar
2025-12-09 15:43:22 Messager [TestNG-test=User API Tests-1-47] [INFO] TEST [User API Tests - testWrongHttpMethod] STARTED at [15:43:22 2025-12-09]
2025-12-09 15:43:23 AbstractApiMethod [TestNG-test=User API Tests-1-47] [INFO] Request method:	POST
Request URI:	http://localhost:9090/arigatouAirlines/auth/login
Request params:	<none>
Query params:	<none>
Form params:	<none>
Path params:	<none>
Multiparts:		<none>
Cookies:		<none>
Headers:		Accept=*/*
				Content-Type=application/json; charset=UTF-8
Body:
{
    "username": "admin",
    "password": "admin"
}
HTTP/1.1 200 
Vary: Origin
Vary: Access-Control-Request-Method
Vary: Access-Control-Request-Headers
X-Content-Type-Options: nosniff
X-XSS-Protection: 0
Cache-Control: no-cache, no-store, max-age=0, must-revalidate
Pragma: no-cache
Expires: 0
X-Frame-Options: DENY
Content-Type: application/json
Transfer-Encoding: chunked
Date: Tue, 09 Dec 2025 08:43:23 GMT
Keep-Alive: timeout=60
Connection: keep-alive

{
    "code": 0,
    "body": {
        "token": "eyJhbGciOiJIUzUxMiJ9.eyJpc3MiOiJBUEktQXJpZ2F0b3UtQWlybGluZXMiLCJzdWIiOiJhZG1pbiIsImV4cCI6MTc2NTI3MzQwMywiaWF0IjoxNzY1MjY5ODAzLCJqdGkiOiJmOGYzYjJkYS1hZTI4LTRhYzctYjY5ZC0zZDc5ODgzNzdjYWIiLCJzY29wZSI6IlJPTEVfQURNSU4ifQ.lNHcI-kV6OWh6UVYzlp8IFB4CbYRG3wJCqHo-m4rusGhVFwBmnqwhle-xgcW1RN5r_7EdG9sJoIXADa21u1GqQ",
        "authenticated": true
    }
}

2025-12-09 15:43:23 AbstractApiMethod [TestNG-test=User API Tests-1-47] [INFO] Request method:	POST
Request URI:	http://localhost:9090/arigatouAirlines/users
Request params:	<none>
Query params:	<none>
Form params:	<none>
Path params:	<none>
Multiparts:		<none>
Cookies:		<none>
Headers:		Accept=*/*
				Authorization=Bearer eyJhbGciOiJIUzUxMiJ9.eyJpc3MiOiJBUEktQXJpZ2F0b3UtQWlybGluZXMiLCJzdWIiOiJhZG1pbiIsImV4cCI6MTc2NTI3MzQwMywiaWF0IjoxNzY1MjY5ODAzLCJqdGkiOiJmOGYzYjJkYS1hZTI4LTRhYzctYjY5ZC0zZDc5ODgzNzdjYWIiLCJzY29wZSI6IlJPTEVfQURNSU4ifQ.lNHcI-kV6OWh6UVYzlp8IFB4CbYRG3wJCqHo-m4rusGhVFwBmnqwhle-xgcW1RN5r_7EdG9sJoIXADa21u1GqQ
				Content-Type=application/json; charset=UTF-8
Body:			<none>
HTTP/1.1 500 
Vary: Origin
Vary: Access-Control-Request-Method
Vary: Access-Control-Request-Headers
X-Content-Type-Options: nosniff
X-XSS-Protection: 0
Cache-Control: no-cache, no-store, max-age=0, must-revalidate
Pragma: no-cache
Expires: 0
X-Frame-Options: DENY
Content-Type: application/json
Transfer-Encoding: chunked
Date: Tue, 09 Dec 2025 08:43:23 GMT
Connection: close

{
    "code": 9000,
    "message": "Request method 'POST' is not supported"
}

2025-12-09 15:43:23 Messager [TestNG-test=User API Tests-1-47] [INFO] TEST [User API Tests - testWrongHttpMethod] PASSED at [15:43:23 2025-12-09]
]]></system-out>
  </testcase>
</testsuite>