<?xml version="1.0" encoding="UTF-8"?>
<testng-results ignored="0" total="28" passed="27" failed="1" skipped="0">
  <reporter-output>
    <line>
      <![CDATA[TEST [User API Tests - testEmailNull] FAILED at [15:43:21 2025-12-09] - code
Expected: 4005
     got: 1007
 ; message
Expected: Email must not be null!
     got: Email already exists!


org.skyscreamer.jsonassert.JSONAssert.assertEquals(JSONAssert.java:482)
org.skyscreamer.jsonassert.JSONAssert.assertEquals(JSONAssert.java:464)
com.zebrunner.carina.api.AbstractApiMethodV2.validateResponse(AbstractApiMethodV2.java:339)
com.zebrunner.carina.api.AbstractApiMethodV2.validateResponse(AbstractApiMethodV2.java:299)
com.zebrunner.carina.api.AbstractApiMethodV2.validateResponse(AbstractApiMethodV2.java:363)
dllv.carina.carina.demo.APIUserTest.validateError(APIUserTest.java:46)
dllv.carina.carina.demo.APIUserTest.testEmailNull(APIUserTest.java:90)
java.base/jdk.internal.reflect.DirectMethodHandleAccessor.invoke(DirectMethodHandleAccessor.java:104)
java.base/java.lang.reflect.Method.invoke(Method.java:565)
org.testng.internal.invokers.MethodInvocationHelper.invokeMethod(MethodInvocationHelper.java:139)
org.testng.internal.invokers.TestInvoker.invokeMethod(TestInvoker.java:677)
org.testng.internal.invokers.TestInvoker.invokeTestMethod(TestInvoker.java:221)
org.testng.internal.invokers.MethodRunner.runInSequence(MethodRunner.java:50)
org.testng.internal.invokers.TestInvoker$MethodInvocationAgent.invoke(TestInvoker.java:969)
org.testng.internal.invokers.TestInvoker.invokeTestMethods(TestInvoker.java:194)
org.testng.internal.invokers.TestMethodWorker.invokeTestMethods(TestMethodWorker.java:148)
org.testng.internal.invokers.TestMethodWorker.run(TestMethodWorker.java:128)
java.base/java.util.concurrent.ThreadPoolExecutor.runWorker(ThreadPoolExecutor.java:1090)
java.base/java.util.concurrent.ThreadPoolExecutor$Worker.run(ThreadPoolExecutor.java:614)
java.base/java.lang.Thread.run(Thread.java:1474)]]>
    </line>
  </reporter-output>
  <suite started-at="2025-12-09T15:43:19 GMT+07:00" name="Arigatou Airlines API Test Suite" finished-at="2025-12-09T15:43:23 GMT+07:00" duration-ms="3936">
    <groups>
    </groups>
    <test started-at="2025-12-09T15:43:19 GMT+07:00" name="User API Tests" finished-at="2025-12-09T15:43:23 GMT+07:00" duration-ms="3936">
      <class name="dllv.carina.carina.demo.APIUserTest">
        <test-method signature="testAdminGetListSuccess()[pri:0, instance:dllv.carina.carina.demo.APIUserTest@2d18d9ed]" started-at="2025-12-09T15:43:19 GMT+07:00" name="testAdminGetListSuccess" finished-at="2025-12-09T15:43:20 GMT+07:00" duration-ms="1419" status="PASS">
          <reporter-output>
          </reporter-output>
        </test-method> <!-- testAdminGetListSuccess -->
        <test-method is-config="true" signature="onCarinaAfterMethod()[pri:0, instance:dllv.carina.carina.demo.APIUserTest@2d18d9ed]" started-at="2025-12-09T15:43:20 GMT+07:00" name="onCarinaAfterMethod" finished-at="2025-12-09T15:43:20 GMT+07:00" duration-ms="1" status="PASS">
          <reporter-output>
          </reporter-output>
        </test-method> <!-- onCarinaAfterMethod -->
        <test-method signature="testAdminGetMyInfo()[pri:0, instance:dllv.carina.carina.demo.APIUserTest@2d18d9ed]" started-at="2025-12-09T15:43:20 GMT+07:00" name="testAdminGetMyInfo" finished-at="2025-12-09T15:43:20 GMT+07:00" duration-ms="189" status="PASS">
          <reporter-output>
          </reporter-output>
        </test-method> <!-- testAdminGetMyInfo -->
        <test-method is-config="true" signature="onCarinaAfterMethod()[pri:0, instance:dllv.carina.carina.demo.APIUserTest@2d18d9ed]" started-at="2025-12-09T15:43:20 GMT+07:00" name="onCarinaAfterMethod" finished-at="2025-12-09T15:43:20 GMT+07:00" duration-ms="1" status="PASS">
          <reporter-output>
          </reporter-output>
        </test-method> <!-- onCarinaAfterMethod -->
        <test-method signature="testAdminGetUserDetail()[pri:0, instance:dllv.carina.carina.demo.APIUserTest@2d18d9ed]" started-at="2025-12-09T15:43:20 GMT+07:00" name="testAdminGetUserDetail" finished-at="2025-12-09T15:43:21 GMT+07:00" duration-ms="187" status="PASS">
          <reporter-output>
          </reporter-output>
        </test-method> <!-- testAdminGetUserDetail -->
        <test-method is-config="true" signature="onCarinaAfterMethod()[pri:0, instance:dllv.carina.carina.demo.APIUserTest@2d18d9ed]" started-at="2025-12-09T15:43:21 GMT+07:00" name="onCarinaAfterMethod" finished-at="2025-12-09T15:43:21 GMT+07:00" duration-ms="1" status="PASS">
          <reporter-output>
          </reporter-output>
        </test-method> <!-- onCarinaAfterMethod -->
        <test-method signature="testDuplicateEmail()[pri:0, instance:dllv.carina.carina.demo.APIUserTest@2d18d9ed]" started-at="2025-12-09T15:43:21 GMT+07:00" name="testDuplicateEmail" description="TC2: Duplicate email check" finished-at="2025-12-09T15:43:21 GMT+07:00" duration-ms="260" status="PASS">
          <reporter-output>
          </reporter-output>
        </test-method> <!-- testDuplicateEmail -->
        <test-method is-config="true" signature="onCarinaAfterMethod()[pri:0, instance:dllv.carina.carina.demo.APIUserTest@2d18d9ed]" started-at="2025-12-09T15:43:21 GMT+07:00" name="onCarinaAfterMethod" finished-at="2025-12-09T15:43:21 GMT+07:00" duration-ms="0" status="PASS">
          <reporter-output>
          </reporter-output>
        </test-method> <!-- onCarinaAfterMethod -->
        <test-method signature="testDuplicatePhone()[pri:0, instance:dllv.carina.carina.demo.APIUserTest@2d18d9ed]" started-at="2025-12-09T15:43:21 GMT+07:00" name="testDuplicatePhone" finished-at="2025-12-09T15:43:21 GMT+07:00" duration-ms="195" status="PASS">
          <reporter-output>
          </reporter-output>
        </test-method> <!-- testDuplicatePhone -->
        <test-method signature="testDuplicateUsername()[pri:0, instance:dllv.carina.carina.demo.APIUserTest@2d18d9ed]" started-at="2025-12-09T15:43:21 GMT+07:00" name="testDuplicateUsername" finished-at="2025-12-09T15:43:21 GMT+07:00" duration-ms="194" status="PASS">
          <reporter-output>
          </reporter-output>
        </test-method> <!-- testDuplicateUsername -->
        <test-method is-config="true" signature="onCarinaAfterMethod()[pri:0, instance:dllv.carina.carina.demo.APIUserTest@2d18d9ed]" started-at="2025-12-09T15:43:21 GMT+07:00" name="onCarinaAfterMethod" finished-at="2025-12-09T15:43:21 GMT+07:00" duration-ms="0" status="PASS">
          <reporter-output>
          </reporter-output>
        </test-method> <!-- onCarinaAfterMethod -->
        <test-method signature="testEmailEmpty()[pri:0, instance:dllv.carina.carina.demo.APIUserTest@2d18d9ed]" started-at="2025-12-09T15:43:21 GMT+07:00" name="testEmailEmpty" finished-at="2025-12-09T15:43:21 GMT+07:00" duration-ms="32" status="PASS">
          <reporter-output>
          </reporter-output>
        </test-method> <!-- testEmailEmpty -->
        <test-method is-config="true" signature="onCarinaAfterMethod()[pri:0, instance:dllv.carina.carina.demo.APIUserTest@2d18d9ed]" started-at="2025-12-09T15:43:21 GMT+07:00" name="onCarinaAfterMethod" finished-at="2025-12-09T15:43:21 GMT+07:00" duration-ms="0" status="PASS">
          <reporter-output>
          </reporter-output>
        </test-method> <!-- onCarinaAfterMethod -->
        <test-method is-config="true" signature="onCarinaAfterMethod()[pri:0, instance:dllv.carina.carina.demo.APIUserTest@2d18d9ed]" started-at="2025-12-09T15:43:21 GMT+07:00" name="onCarinaAfterMethod" finished-at="2025-12-09T15:43:21 GMT+07:00" duration-ms="1" status="PASS">
          <reporter-output>
          </reporter-output>
        </test-method> <!-- onCarinaAfterMethod -->
        <test-method signature="testEmailNull()[pri:0, instance:dllv.carina.carina.demo.APIUserTest@2d18d9ed]" started-at="2025-12-09T15:43:21 GMT+07:00" name="testEmailNull" finished-at="2025-12-09T15:43:21 GMT+07:00" duration-ms="14" status="FAIL">
          <exception class="java.lang.AssertionError">
            <message>
              <![CDATA[code
Expected: 4005
     got: 1007
 ; message
Expected: Email must not be null!
     got: Email already exists!
]]>
            </message>
            <full-stacktrace>
              <![CDATA[java.lang.AssertionError: code
Expected: 4005
     got: 1007
 ; message
Expected: Email must not be null!
     got: Email already exists!

at org.skyscreamer.jsonassert.JSONAssert.assertEquals(JSONAssert.java:482)
at org.skyscreamer.jsonassert.JSONAssert.assertEquals(JSONAssert.java:464)
at com.zebrunner.carina.api.AbstractApiMethodV2.validateResponse(AbstractApiMethodV2.java:339)
at com.zebrunner.carina.api.AbstractApiMethodV2.validateResponse(AbstractApiMethodV2.java:299)
at com.zebrunner.carina.api.AbstractApiMethodV2.validateResponse(AbstractApiMethodV2.java:363)
at dllv.carina.carina.demo.APIUserTest.validateError(APIUserTest.java:46)
at dllv.carina.carina.demo.APIUserTest.testEmailNull(APIUserTest.java:90)
at java.base/jdk.internal.reflect.DirectMethodHandleAccessor.invoke(DirectMethodHandleAccessor.java:104)
at java.base/java.lang.reflect.Method.invoke(Method.java:565)
at org.testng.internal.invokers.MethodInvocationHelper.invokeMethod(MethodInvocationHelper.java:139)
at org.testng.internal.invokers.TestInvoker.invokeMethod(TestInvoker.java:677)
at org.testng.internal.invokers.TestInvoker.invokeTestMethod(TestInvoker.java:221)
at org.testng.internal.invokers.MethodRunner.runInSequence(MethodRunner.java:50)
at org.testng.internal.invokers.TestInvoker$MethodInvocationAgent.invoke(TestInvoker.java:969)
at org.testng.internal.invokers.TestInvoker.invokeTestMethods(TestInvoker.java:194)
at org.testng.internal.invokers.TestMethodWorker.invokeTestMethods(TestMethodWorker.java:148)
at org.testng.internal.invokers.TestMethodWorker.run(TestMethodWorker.java:128)
at java.base/java.util.concurrent.ThreadPoolExecutor.runWorker(ThreadPoolExecutor.java:1090)
at java.base/java.util.concurrent.ThreadPoolExecutor$Worker.run(ThreadPoolExecutor.java:614)
at java.base/java.lang.Thread.run(Thread.java:1474)
]]>
            </full-stacktrace>
          </exception> <!-- java.lang.AssertionError -->
          <reporter-output>
            <line>
              <![CDATA[TEST [User API Tests - testEmailNull] FAILED at [15:43:21 2025-12-09] - code
Expected: 4005
     got: 1007
 ; message
Expected: Email must not be null!
     got: Email already exists!


org.skyscreamer.jsonassert.JSONAssert.assertEquals(JSONAssert.java:482)
org.skyscreamer.jsonassert.JSONAssert.assertEquals(JSONAssert.java:464)
com.zebrunner.carina.api.AbstractApiMethodV2.validateResponse(AbstractApiMethodV2.java:339)
com.zebrunner.carina.api.AbstractApiMethodV2.validateResponse(AbstractApiMethodV2.java:299)
com.zebrunner.carina.api.AbstractApiMethodV2.validateResponse(AbstractApiMethodV2.java:363)
dllv.carina.carina.demo.APIUserTest.validateError(APIUserTest.java:46)
dllv.carina.carina.demo.APIUserTest.testEmailNull(APIUserTest.java:90)
java.base/jdk.internal.reflect.DirectMethodHandleAccessor.invoke(DirectMethodHandleAccessor.java:104)
java.base/java.lang.reflect.Method.invoke(Method.java:565)
org.testng.internal.invokers.MethodInvocationHelper.invokeMethod(MethodInvocationHelper.java:139)
org.testng.internal.invokers.TestInvoker.invokeMethod(TestInvoker.java:677)
org.testng.internal.invokers.TestInvoker.invokeTestMethod(TestInvoker.java:221)
org.testng.internal.invokers.MethodRunner.runInSequence(MethodRunner.java:50)
org.testng.internal.invokers.TestInvoker$MethodInvocationAgent.invoke(TestInvoker.java:969)
org.testng.internal.invokers.TestInvoker.invokeTestMethods(TestInvoker.java:194)
org.testng.internal.invokers.TestMethodWorker.invokeTestMethods(TestMethodWorker.java:148)
org.testng.internal.invokers.TestMethodWorker.run(TestMethodWorker.java:128)
java.base/java.util.concurrent.ThreadPoolExecutor.runWorker(ThreadPoolExecutor.java:1090)
java.base/java.util.concurrent.ThreadPoolExecutor$Worker.run(ThreadPoolExecutor.java:614)
java.base/java.lang.Thread.run(Thread.java:1474)]]>
            </line>
          </reporter-output>
        </test-method> <!-- testEmailNull -->
        <test-method signature="testGetDetailInvalidToken()[pri:0, instance:dllv.carina.carina.demo.APIUserTest@2d18d9ed]" started-at="2025-12-09T15:43:21 GMT+07:00" name="testGetDetailInvalidToken" finished-at="2025-12-09T15:43:21 GMT+07:00" duration-ms="41" status="PASS">
          <reporter-output>
          </reporter-output>
        </test-method> <!-- testGetDetailInvalidToken -->
        <test-method is-config="true" signature="onCarinaAfterMethod()[pri:0, instance:dllv.carina.carina.demo.APIUserTest@2d18d9ed]" started-at="2025-12-09T15:43:21 GMT+07:00" name="onCarinaAfterMethod" finished-at="2025-12-09T15:43:21 GMT+07:00" duration-ms="0" status="PASS">
          <reporter-output>
          </reporter-output>
        </test-method> <!-- onCarinaAfterMethod -->
        <test-method is-config="true" signature="onCarinaAfterMethod()[pri:0, instance:dllv.carina.carina.demo.APIUserTest@2d18d9ed]" started-at="2025-12-09T15:43:21 GMT+07:00" name="onCarinaAfterMethod" finished-at="2025-12-09T15:43:21 GMT+07:00" duration-ms="0" status="PASS">
          <reporter-output>
          </reporter-output>
        </test-method> <!-- onCarinaAfterMethod -->
        <test-method signature="testGetDetailNoToken()[pri:0, instance:dllv.carina.carina.demo.APIUserTest@2d18d9ed]" started-at="2025-12-09T15:43:21 GMT+07:00" name="testGetDetailNoToken" finished-at="2025-12-09T15:43:21 GMT+07:00" duration-ms="22" status="PASS">
          <reporter-output>
          </reporter-output>
        </test-method> <!-- testGetDetailNoToken -->
        <test-method signature="testGetListInvalidToken()[pri:0, instance:dllv.carina.carina.demo.APIUserTest@2d18d9ed]" started-at="2025-12-09T15:43:21 GMT+07:00" name="testGetListInvalidToken" finished-at="2025-12-09T15:43:21 GMT+07:00" duration-ms="41" status="PASS">
          <reporter-output>
          </reporter-output>
        </test-method> <!-- testGetListInvalidToken -->
        <test-method is-config="true" signature="onCarinaAfterMethod()[pri:0, instance:dllv.carina.carina.demo.APIUserTest@2d18d9ed]" started-at="2025-12-09T15:43:21 GMT+07:00" name="onCarinaAfterMethod" finished-at="2025-12-09T15:43:21 GMT+07:00" duration-ms="0" status="PASS">
          <reporter-output>
          </reporter-output>
        </test-method> <!-- onCarinaAfterMethod -->
        <test-method signature="testGetListNoToken()[pri:0, instance:dllv.carina.carina.demo.APIUserTest@2d18d9ed]" started-at="2025-12-09T15:43:21 GMT+07:00" name="testGetListNoToken" finished-at="2025-12-09T15:43:21 GMT+07:00" duration-ms="28" status="PASS">
          <reporter-output>
          </reporter-output>
        </test-method> <!-- testGetListNoToken -->
        <test-method is-config="true" signature="onCarinaAfterMethod()[pri:0, instance:dllv.carina.carina.demo.APIUserTest@2d18d9ed]" started-at="2025-12-09T15:43:21 GMT+07:00" name="onCarinaAfterMethod" finished-at="2025-12-09T15:43:21 GMT+07:00" duration-ms="0" status="PASS">
          <reporter-output>
          </reporter-output>
        </test-method> <!-- onCarinaAfterMethod -->
        <test-method is-config="true" signature="onCarinaAfterMethod()[pri:0, instance:dllv.carina.carina.demo.APIUserTest@2d18d9ed]" started-at="2025-12-09T15:43:21 GMT+07:00" name="onCarinaAfterMethod" finished-at="2025-12-09T15:43:21 GMT+07:00" duration-ms="0" status="PASS">
          <reporter-output>
          </reporter-output>
        </test-method> <!-- onCarinaAfterMethod -->
        <test-method signature="testInvalidEmailFormat()[pri:0, instance:dllv.carina.carina.demo.APIUserTest@2d18d9ed]" started-at="2025-12-09T15:43:21 GMT+07:00" name="testInvalidEmailFormat" finished-at="2025-12-09T15:43:21 GMT+07:00" duration-ms="28" status="PASS">
          <reporter-output>
          </reporter-output>
        </test-method> <!-- testInvalidEmailFormat -->
        <test-method signature="testMissingDOB()[pri:0, instance:dllv.carina.carina.demo.APIUserTest@2d18d9ed]" started-at="2025-12-09T15:43:21 GMT+07:00" name="testMissingDOB" finished-at="2025-12-09T15:43:21 GMT+07:00" duration-ms="23" status="PASS">
          <reporter-output>
          </reporter-output>
        </test-method> <!-- testMissingDOB -->
        <test-method is-config="true" signature="onCarinaAfterMethod()[pri:0, instance:dllv.carina.carina.demo.APIUserTest@2d18d9ed]" started-at="2025-12-09T15:43:21 GMT+07:00" name="onCarinaAfterMethod" finished-at="2025-12-09T15:43:21 GMT+07:00" duration-ms="0" status="PASS">
          <reporter-output>
          </reporter-output>
        </test-method> <!-- onCarinaAfterMethod -->
        <test-method is-config="true" signature="onCarinaAfterMethod()[pri:0, instance:dllv.carina.carina.demo.APIUserTest@2d18d9ed]" started-at="2025-12-09T15:43:21 GMT+07:00" name="onCarinaAfterMethod" finished-at="2025-12-09T15:43:21 GMT+07:00" duration-ms="0" status="PASS">
          <reporter-output>
          </reporter-output>
        </test-method> <!-- onCarinaAfterMethod -->
        <test-method signature="testMissingFullName()[pri:0, instance:dllv.carina.carina.demo.APIUserTest@2d18d9ed]" started-at="2025-12-09T15:43:21 GMT+07:00" name="testMissingFullName" finished-at="2025-12-09T15:43:21 GMT+07:00" duration-ms="31" status="PASS">
          <reporter-output>
          </reporter-output>
        </test-method> <!-- testMissingFullName -->
        <test-method is-config="true" signature="onCarinaAfterMethod()[pri:0, instance:dllv.carina.carina.demo.APIUserTest@2d18d9ed]" started-at="2025-12-09T15:43:22 GMT+07:00" name="onCarinaAfterMethod" finished-at="2025-12-09T15:43:22 GMT+07:00" duration-ms="1" status="PASS">
          <reporter-output>
          </reporter-output>
        </test-method> <!-- onCarinaAfterMethod -->
        <test-method signature="testMissingGender()[pri:0, instance:dllv.carina.carina.demo.APIUserTest@2d18d9ed]" started-at="2025-12-09T15:43:22 GMT+07:00" name="testMissingGender" finished-at="2025-12-09T15:43:22 GMT+07:00" duration-ms="23" status="PASS">
          <reporter-output>
          </reporter-output>
        </test-method> <!-- testMissingGender -->
        <test-method is-config="true" signature="onCarinaAfterMethod()[pri:0, instance:dllv.carina.carina.demo.APIUserTest@2d18d9ed]" started-at="2025-12-09T15:43:22 GMT+07:00" name="onCarinaAfterMethod" finished-at="2025-12-09T15:43:22 GMT+07:00" duration-ms="0" status="PASS">
          <reporter-output>
          </reporter-output>
        </test-method> <!-- onCarinaAfterMethod -->
        <test-method signature="testMissingPassword()[pri:0, instance:dllv.carina.carina.demo.APIUserTest@2d18d9ed]" started-at="2025-12-09T15:43:22 GMT+07:00" name="testMissingPassword" finished-at="2025-12-09T15:43:22 GMT+07:00" duration-ms="17" status="PASS">
          <reporter-output>
          </reporter-output>
        </test-method> <!-- testMissingPassword -->
        <test-method signature="testMissingPhone()[pri:0, instance:dllv.carina.carina.demo.APIUserTest@2d18d9ed]" started-at="2025-12-09T15:43:22 GMT+07:00" name="testMissingPhone" finished-at="2025-12-09T15:43:22 GMT+07:00" duration-ms="20" status="PASS">
          <reporter-output>
          </reporter-output>
        </test-method> <!-- testMissingPhone -->
        <test-method is-config="true" signature="onCarinaAfterMethod()[pri:0, instance:dllv.carina.carina.demo.APIUserTest@2d18d9ed]" started-at="2025-12-09T15:43:22 GMT+07:00" name="onCarinaAfterMethod" finished-at="2025-12-09T15:43:22 GMT+07:00" duration-ms="0" status="PASS">
          <reporter-output>
          </reporter-output>
        </test-method> <!-- onCarinaAfterMethod -->
        <test-method is-config="true" signature="onCarinaAfterMethod()[pri:0, instance:dllv.carina.carina.demo.APIUserTest@2d18d9ed]" started-at="2025-12-09T15:43:22 GMT+07:00" name="onCarinaAfterMethod" finished-at="2025-12-09T15:43:22 GMT+07:00" duration-ms="0" status="PASS">
          <reporter-output>
          </reporter-output>
        </test-method> <!-- onCarinaAfterMethod -->
        <test-method signature="testMissingUsername()[pri:0, instance:dllv.carina.carina.demo.APIUserTest@2d18d9ed]" started-at="2025-12-09T15:43:22 GMT+07:00" name="testMissingUsername" finished-at="2025-12-09T15:43:22 GMT+07:00" duration-ms="14" status="PASS">
          <reporter-output>
          </reporter-output>
        </test-method> <!-- testMissingUsername -->
        <test-method signature="testPasswordTooShort()[pri:0, instance:dllv.carina.carina.demo.APIUserTest@2d18d9ed]" started-at="2025-12-09T15:43:22 GMT+07:00" name="testPasswordTooShort" finished-at="2025-12-09T15:43:22 GMT+07:00" duration-ms="17" status="PASS">
          <reporter-output>
          </reporter-output>
        </test-method> <!-- testPasswordTooShort -->
        <test-method is-config="true" signature="onCarinaAfterMethod()[pri:0, instance:dllv.carina.carina.demo.APIUserTest@2d18d9ed]" started-at="2025-12-09T15:43:22 GMT+07:00" name="onCarinaAfterMethod" finished-at="2025-12-09T15:43:22 GMT+07:00" duration-ms="0" status="PASS">
          <reporter-output>
          </reporter-output>
        </test-method> <!-- onCarinaAfterMethod -->
        <test-method is-config="true" signature="onCarinaAfterMethod()[pri:0, instance:dllv.carina.carina.demo.APIUserTest@2d18d9ed]" started-at="2025-12-09T15:43:22 GMT+07:00" name="onCarinaAfterMethod" finished-at="2025-12-09T15:43:22 GMT+07:00" duration-ms="0" status="PASS">
          <reporter-output>
          </reporter-output>
        </test-method> <!-- onCarinaAfterMethod -->
        <test-method signature="testSignUpSuccess()[pri:0, instance:dllv.carina.carina.demo.APIUserTest@2d18d9ed]" started-at="2025-12-09T15:43:22 GMT+07:00" name="testSignUpSuccess" description="TC1: Sign up successfully" finished-at="2025-12-09T15:43:22 GMT+07:00" duration-ms="152" status="PASS">
          <reporter-output>
          </reporter-output>
        </test-method> <!-- testSignUpSuccess -->
        <test-method is-config="true" signature="onCarinaAfterMethod()[pri:0, instance:dllv.carina.carina.demo.APIUserTest@2d18d9ed]" started-at="2025-12-09T15:43:22 GMT+07:00" name="onCarinaAfterMethod" finished-at="2025-12-09T15:43:22 GMT+07:00" duration-ms="0" status="PASS">
          <reporter-output>
          </reporter-output>
        </test-method> <!-- onCarinaAfterMethod -->
        <test-method signature="testUserGetListForbidden()[pri:0, instance:dllv.carina.carina.demo.APIUserTest@2d18d9ed]" started-at="2025-12-09T15:43:22 GMT+07:00" name="testUserGetListForbidden" finished-at="2025-12-09T15:43:22 GMT+07:00" duration-ms="194" status="PASS">
          <reporter-output>
          </reporter-output>
        </test-method> <!-- testUserGetListForbidden -->
        <test-method is-config="true" signature="onCarinaAfterMethod()[pri:0, instance:dllv.carina.carina.demo.APIUserTest@2d18d9ed]" started-at="2025-12-09T15:43:22 GMT+07:00" name="onCarinaAfterMethod" finished-at="2025-12-09T15:43:22 GMT+07:00" duration-ms="0" status="PASS">
          <reporter-output>
          </reporter-output>
        </test-method> <!-- onCarinaAfterMethod -->
        <test-method signature="testUserGetMyInfo()[pri:0, instance:dllv.carina.carina.demo.APIUserTest@2d18d9ed]" started-at="2025-12-09T15:43:22 GMT+07:00" name="testUserGetMyInfo" finished-at="2025-12-09T15:43:22 GMT+07:00" duration-ms="156" status="PASS">
          <reporter-output>
          </reporter-output>
        </test-method> <!-- testUserGetMyInfo -->
        <test-method is-config="true" signature="onCarinaAfterMethod()[pri:0, instance:dllv.carina.carina.demo.APIUserTest@2d18d9ed]" started-at="2025-12-09T15:43:22 GMT+07:00" name="onCarinaAfterMethod" finished-at="2025-12-09T15:43:22 GMT+07:00" duration-ms="1" status="PASS">
          <reporter-output>
          </reporter-output>
        </test-method> <!-- onCarinaAfterMethod -->
        <test-method signature="testUserNotFound()[pri:0, instance:dllv.carina.carina.demo.APIUserTest@2d18d9ed]" started-at="2025-12-09T15:43:22 GMT+07:00" name="testUserNotFound" finished-at="2025-12-09T15:43:22 GMT+07:00" duration-ms="184" status="PASS">
          <reporter-output>
          </reporter-output>
        </test-method> <!-- testUserNotFound -->
        <test-method signature="testUserViewOtherProfileForbidden()[pri:0, instance:dllv.carina.carina.demo.APIUserTest@2d18d9ed]" started-at="2025-12-09T15:43:22 GMT+07:00" name="testUserViewOtherProfileForbidden" finished-at="2025-12-09T15:43:22 GMT+07:00" duration-ms="158" status="PASS">
          <reporter-output>
          </reporter-output>
        </test-method> <!-- testUserViewOtherProfileForbidden -->
        <test-method is-config="true" signature="onCarinaAfterMethod()[pri:0, instance:dllv.carina.carina.demo.APIUserTest@2d18d9ed]" started-at="2025-12-09T15:43:22 GMT+07:00" name="onCarinaAfterMethod" finished-at="2025-12-09T15:43:22 GMT+07:00" duration-ms="0" status="PASS">
          <reporter-output>
          </reporter-output>
        </test-method> <!-- onCarinaAfterMethod -->
        <test-method signature="testUsernameTooLong()[pri:0, instance:dllv.carina.carina.demo.APIUserTest@2d18d9ed]" started-at="2025-12-09T15:43:22 GMT+07:00" name="testUsernameTooLong" finished-at="2025-12-09T15:43:22 GMT+07:00" duration-ms="17" status="PASS">
          <reporter-output>
          </reporter-output>
        </test-method> <!-- testUsernameTooLong -->
        <test-method is-config="true" signature="onCarinaAfterMethod()[pri:0, instance:dllv.carina.carina.demo.APIUserTest@2d18d9ed]" started-at="2025-12-09T15:43:22 GMT+07:00" name="onCarinaAfterMethod" finished-at="2025-12-09T15:43:22 GMT+07:00" duration-ms="0" status="PASS">
          <reporter-output>
          </reporter-output>
        </test-method> <!-- onCarinaAfterMethod -->
        <test-method signature="testUsernameTooShort()[pri:0, instance:dllv.carina.carina.demo.APIUserTest@2d18d9ed]" started-at="2025-12-09T15:43:22 GMT+07:00" name="testUsernameTooShort" finished-at="2025-12-09T15:43:22 GMT+07:00" duration-ms="12" status="PASS">
          <reporter-output>
          </reporter-output>
        </test-method> <!-- testUsernameTooShort -->
        <test-method is-config="true" signature="onCarinaAfterMethod()[pri:0, instance:dllv.carina.carina.demo.APIUserTest@2d18d9ed]" started-at="2025-12-09T15:43:22 GMT+07:00" name="onCarinaAfterMethod" finished-at="2025-12-09T15:43:22 GMT+07:00" duration-ms="0" status="PASS">
          <reporter-output>
          </reporter-output>
        </test-method> <!-- onCarinaAfterMethod -->
        <test-method signature="testWrongHttpMethod()[pri:0, instance:dllv.carina.carina.demo.APIUserTest@2d18d9ed]" started-at="2025-12-09T15:43:22 GMT+07:00" name="testWrongHttpMethod" finished-at="2025-12-09T15:43:23 GMT+07:00" duration-ms="170" status="PASS">
          <reporter-output>
          </reporter-output>
        </test-method> <!-- testWrongHttpMethod -->
        <test-method is-config="true" signature="onCarinaAfterMethod()[pri:0, instance:dllv.carina.carina.demo.APIUserTest@2d18d9ed]" started-at="2025-12-09T15:43:22 GMT+07:00" name="onCarinaAfterMethod" finished-at="2025-12-09T15:43:22 GMT+07:00" duration-ms="0" status="PASS">
          <reporter-output>
          </reporter-output>
        </test-method> <!-- onCarinaAfterMethod -->
        <test-method is-config="true" signature="onCarinaAfterMethod()[pri:0, instance:dllv.carina.carina.demo.APIUserTest@2d18d9ed]" started-at="2025-12-09T15:43:23 GMT+07:00" name="onCarinaAfterMethod" finished-at="2025-12-09T15:43:23 GMT+07:00" duration-ms="0" status="PASS">
          <reporter-output>
          </reporter-output>
        </test-method> <!-- onCarinaAfterMethod -->
      </class> <!-- dllv.carina.carina.demo.APIUserTest -->
    </test> <!-- User API Tests -->
  </suite> <!-- Arigatou Airlines API Test Suite -->
</testng-results>
