-------------------------------------------------------------------------------
Test set: TestSuite
-------------------------------------------------------------------------------
Tests run: 28, Failures: 1, Errors: 0, Skipped: 0, Time elapsed: 6.064 s <<< FAILURE! - in TestSuite
dllv.carina.carina.demo.APIUserTest.testEmailNull  Time elapsed: 0.039 s  <<< FAILURE!
java.lang.AssertionError: 
code
Expected: 4005
     got: 1007
 ; message
Expected: Email must not be null!
     got: Email already exists!

	at org.skyscreamer.jsonassert.JSONAssert.assertEquals(JSONAssert.java:482)
	at org.skyscreamer.jsonassert.JSONAssert.assertEquals(JSONAssert.java:464)
	at com.zebrunner.carina.api.AbstractApiMethodV2.validateResponse(AbstractApiMethodV2.java:339)
	at com.zebrunner.carina.api.AbstractApiMethodV2.validateResponse(AbstractApiMethodV2.java:299)
	at com.zebrunner.carina.api.AbstractApiMethodV2.validateResponse(AbstractApiMethodV2.java:363)
	at dllv.carina.carina.demo.APIUserTest.validateError(APIUserTest.java:46)
	at dllv.carina.carina.demo.APIUserTest.testEmailNull(APIUserTest.java:90)
	at java.base/jdk.internal.reflect.DirectMethodHandleAccessor.invoke(DirectMethodHandleAccessor.java:104)
	at java.base/java.lang.reflect.Method.invoke(Method.java:565)
	at org.testng.internal.invokers.MethodInvocationHelper.invokeMethod(MethodInvocationHelper.java:139)
	at org.testng.internal.invokers.TestInvoker.invokeMethod(TestInvoker.java:677)
	at org.testng.internal.invokers.TestInvoker.invokeTestMethod(TestInvoker.java:221)
	at org.testng.internal.invokers.MethodRunner.runInSequence(MethodRunner.java:50)
	at org.testng.internal.invokers.TestInvoker$MethodInvocationAgent.invoke(TestInvoker.java:969)
	at org.testng.internal.invokers.TestInvoker.invokeTestMethods(TestInvoker.java:194)
	at org.testng.internal.invokers.TestMethodWorker.invokeTestMethods(TestMethodWorker.java:148)
	at org.testng.internal.invokers.TestMethodWorker.run(TestMethodWorker.java:128)
	at java.base/java.util.concurrent.ThreadPoolExecutor.runWorker(ThreadPoolExecutor.java:1090)
	at java.base/java.util.concurrent.ThreadPoolExecutor$Worker.run(ThreadPoolExecutor.java:614)
	at java.base/java.lang.Thread.run(Thread.java:1474)

